 
Background and shape parameters for s200     at 02-Feb-15 21
A= -67091.16+- 1684.30 B=1914.4924+- 48.5718 C= -13.6556+-  0.3502
R=    10.00+-    0.00 Beta=    1.522+-   0.000 Step=  0.25+-  0.00
Peak     Width           Area     Centroid   Energy(keV)  Fwhm(keV)
 1   1.20(  0.00)    59665(  299)   65.54   197.61(  0.01)    3.6
===========================================================
Peakfit results for file:     s1500    at 02-Feb-15 21
fw0 =     2.0 ch  and fw1=   0.006    (dA/A) <  1.00
Calibration (a0,a1,a2)=     1.0    3.000  0.0000E+00

Spec Centroid  fwhm  Counts(dCount)  Energy(dEnergy)   fwhm
(ch)   (ch)    (ch)                   (keV)    (keV)  (keV)
===========================================================
   0   169.5    2.9     169      29    509.4     1.0    8.8
   0   329.0    3.7     171      34    987.9     1.7   11.1
   0   361.5    2.8      97      32   1085.6     2.5    8.5
   0   424.3    5.4     615      52   1273.8     0.8   16.3
  
===========================================================
Peakfit results for file:     s4000    at 02-Feb-15 21
fw0 =     3.1 ch  and fw1=   0.000    (dA/A) <  1.00
Calibration (a0,a1,a2)=     1.0    3.000  0.0000E+00

Spec Centroid  fwhm  Counts(dCount)  Energy(dEnergy)   fwhm
(ch)   (ch)    (ch)                   (keV)    (keV)  (keV)
===========================================================
   0    22.4    2.8      37      24     68.3     4.1    8.5
   0    44.6    2.6      36      25    134.8     4.1    7.7
   0   111.4    2.5      63      26    335.1     2.5    7.5
   0   169.5    3.0    2039      48    509.5     0.1    9.0
   0   696.5    2.9      19      12   2090.6     3.9    8.8
   0   991.8    3.0     853      34   2976.5     0.2    8.9
   0  1162.2    3.0    2013      50   3487.5     0.1    9.0
   0  1250.6    2.8      41      27   3752.7     3.7    8.3
  
===========================================================
Peakfit results for file:     s4000    at 02-Feb-15 21
fw0 =     3.0 ch  and fw1=  -0.000    (dA/A) <  1.00
Calibration (a0,a1,a2)=     2.5    6.000  0.0000E+00

Spec Centroid  fwhm  Counts(dCount)  Energy(dEnergy)   fwhm
(ch)   (ch)    (ch)                   (keV)    (keV)  (keV)
===========================================================
   0    44.6    2.7     134      41    269.9     3.8   16.4
   0    55.3    2.3      79      37    334.6     5.5   13.9
   0    84.5    3.0    2070      52    509.5     0.2   18.0
   0   495.7    2.7     849      38   2976.6     0.5   16.3
   0   580.9    2.4    2012      54   3487.8     0.3   14.3
   0   612.5    2.9      44      35   3677.7     9.7   17.4
   0   624.6    2.8     214      37   3749.9     2.0   16.8
   0   637.5    2.9      80      28   3827.7     4.1   17.5
  
===========================================================
Peakfit results for file:     sc200    at 04-Feb-15 13
fw0 =     4.6 ch  and fw1=   0.000    (dA/A) <  1.00
Calibration (a0,a1,a2)=     1.0    3.000  0.0000E+00

Spec Centroid  fwhm  Counts(dCount)  Energy(dEnergy)   fwhm
(ch)   (ch)    (ch)                   (keV)    (keV)  (keV)
===========================================================
   0    26.4    5.1    3399      93     80.1     0.3   15.4
   0    38.9    5.4    1937      80    117.6     0.4   16.2
  
===========================================================
Peakfit results for file:     s1332    at 25-Apr-15 01
fw0 =     3.0 ch  and fw1=   0.005    (dA/A) <  1.00
Calibration (a0,a1,a2)=     1.0    3.000  0.0000E+00

Spec Centroid  fwhm  Counts(dCount)  Energy(dEnergy)   fwhm
(ch)   (ch)    (ch)                   (keV)    (keV)  (keV)
===========================================================
   0    72.4    2.8     143      36    218.3     1.5    8.4
   0   169.5    2.8      43      29    509.4     5.3    8.5
   0   216.5    2.9      36      29    650.4     6.4    8.8
   0   231.5    2.9      57      29    695.4     3.9    8.8
   0   369.1    5.9     752      53   1108.4     0.7   17.7
  
