
                   **** ELAST ****

This programm is free software an may be freely distributed
for no-commercial purposes .

 (C) 1996-98 by Boris Harss, ANL

Reaction: 58NI(126XE,126XE)58NI    Q = 0.000000

Angle     Energy3_+ Angle4_-  Energy4_- Energy3_- Angle4_+  Energy4_+ 
        0       554         0 9.41327e-11   75.5732         0   478.427 
      0.1   553.996  -111.631 0.00367609   75.5737 -0.058535   478.426 
      0.2   553.985  -100.985 0.0147044   75.5752 -0.117071   478.425 
      0.3   553.967  -97.1127 0.0330848   75.5777  -0.17561   478.422 
      0.4   553.941  -95.0704 0.0588174   75.5812 -0.234152   478.419 
      0.5   553.908  -93.7751 0.0919022   75.5857   -0.2927   478.414 
      0.6   553.868  -92.8563  0.132339   75.5912 -0.351253   478.409 
      0.7    553.82  -92.1538  0.180128   75.5977 -0.409814   478.402 
      0.8   553.765  -91.5866   0.23527   75.6052 -0.468383   478.395 
      0.9   553.702  -91.1099  0.297764   75.6137 -0.526963   478.386 
        1   553.632  -90.6965  0.367609   75.6233 -0.585553   478.377 
      1.1   553.555  -90.3293  0.444808   75.6338 -0.644156   478.366 
      1.2   553.471  -89.9966  0.529358   75.6453 -0.702772   478.355 
      1.3   553.379  -89.6906  0.621261   75.6578 -0.761403   478.342 
      1.4   553.279  -89.4054  0.720516   75.6714  -0.82005   478.329 
      1.5   553.173  -89.1371  0.827123   75.6859 -0.878715   478.314 
      1.6   553.059  -88.8823  0.941083   75.7015 -0.937398   478.298 
      1.7   552.938  -88.6387    1.0624   75.7181 -0.996101   478.282 
      1.8   552.809  -88.4044   1.19106   75.7357  -1.05482   478.264 
      1.9   552.673   -88.178   1.32708   75.7543  -1.11357   478.246 
        2    552.53  -87.9583   1.47045   75.7739  -1.17234   478.226 
      2.1   552.379  -87.7442   1.62117   75.7945  -1.23113   478.205 
      2.2   552.221  -87.5351   1.77924   75.8162  -1.28996   478.184 
      2.3   552.055  -87.3303   1.94467   75.8388   -1.3488   478.161 
      2.4   551.883  -87.1292   2.11745   75.8625  -1.40768   478.137 
      2.5   551.702  -86.9314   2.29759   75.8873  -1.46659   478.113 
      2.6   551.515  -86.7365   2.48507    75.913  -1.52552   478.087 
      2.7    551.32  -86.5442   2.67991   75.9398  -1.58449    478.06 
      2.8   551.118  -86.3542    2.8821   75.9676   -1.6435   478.032 
      2.9   550.908  -86.1662   3.09165   75.9964  -1.70254   478.004 
        3   550.691  -85.9801   3.30855   76.0263  -1.76161   477.974 
      3.1   550.467  -85.7956    3.5328   76.0572  -1.82073   477.943 
      3.2   550.236  -85.6127   3.76441   76.0892  -1.87988   477.911 
      3.3   549.997  -85.4311   4.00337   76.1221  -1.93907   477.878 
      3.4    549.75  -85.2507   4.24968   76.1562   -1.9983   477.844 
      3.5   549.497  -85.0715   4.50335   76.1913  -2.05758   477.809 
      3.6   549.236  -84.8932   4.76438   76.2274   -2.1169   477.773 
      3.7   548.967   -84.716   5.03275   76.2646  -2.17627   477.735 
      3.8   548.692  -84.5395   5.30849   76.3028  -2.23568   477.697 
      3.9   548.408  -84.3639   5.59157   76.3422  -2.29514   477.658 
        4   548.118   -84.189   5.88202   76.3825  -2.35465   477.617 
      4.1    547.82  -84.0147   6.17981    76.424  -2.41421   477.576 
      4.2   547.515  -83.8411   6.48497   76.4665  -2.47383   477.534 
      4.3   547.203   -83.668   6.79748   76.5101  -2.53349    477.49 
      4.4   546.883  -83.4955   7.11734   76.5547  -2.59322   477.445 
      4.5   546.555  -83.3234   7.44457   76.6005    -2.653     477.4 
      4.6   546.221  -83.1518   7.77915   76.6473  -2.71283   477.353 
      4.7   545.879  -82.9806   8.12108   76.6952  -2.77273   477.305 
      4.8    545.53  -82.8098   8.47038   76.7442  -2.83269   477.256 
      4.9   545.173  -82.6393   8.82704   76.7943  -2.89271   477.206 
        5   544.809  -82.4692   9.19105   76.8455  -2.95279   477.154 
      5.1   544.438  -82.2993   9.56242   76.8978  -3.01294   477.102 
      5.2   544.059  -82.1297   9.94115   76.9513  -3.07315   477.049 
      5.3   543.673  -81.9604   10.3272   77.0058  -3.13343   476.994 
      5.4   543.279  -81.7914   10.7207   77.0615  -3.19378   476.939 
      5.5   542.878  -81.6225   11.1215   77.1182   -3.2542   476.882 
      5.6    542.47  -81.4539   11.5297   77.1762   -3.3147   476.824 
      5.7   542.055  -81.2854   11.9452   77.2352  -3.37526   476.765 
      5.8   541.632  -81.1171   12.3681   77.2954  -3.43591   476.705 
      5.9   541.202   -80.949   12.7984   77.3567  -3.49663   476.643 
        6   540.764   -80.781    13.236   77.4192  -3.55742   476.581 
      6.1   540.319  -80.6132    13.681   77.4828   -3.6183   476.517 
      6.2   539.867  -80.4455   14.1334   77.5476  -3.67926   476.452 
      6.3   539.407  -80.2778   14.5931   77.6136   -3.7403   476.386 
      6.4    538.94  -80.1103   15.0603   77.6807  -3.80143   476.319 
      6.5   538.465  -79.9429   15.5347    77.749  -3.86264   476.251 
      6.6   537.983  -79.7756   16.0166   77.8185  -3.92394   476.181 
      6.7   537.494  -79.6083   16.5058   77.8892  -3.98533   476.111 
      6.8   536.998  -79.4411   17.0024   77.9611  -4.04681   476.039 
      6.9   536.494  -79.2739   17.5063   78.0342  -4.10838   475.966 
        7   535.982  -79.1068   18.0177   78.1085  -4.17005   475.891 
      7.1   535.464  -78.9397   18.5364    78.184  -4.23181   475.816 
      7.2   534.937  -78.7727   19.0625   78.2608  -4.29367   475.739 
      7.3   534.404  -78.6056    19.596   78.3387  -4.35563   475.661 
      7.4   533.863  -78.4386   20.1368    78.418  -4.41769   475.582 
      7.5   533.315  -78.2716   20.6851   78.4984  -4.47985   475.502 
      7.6   532.759  -78.1047   21.2407   78.5801  -4.54212    475.42 
      7.7   532.196  -77.9377   21.8037   78.6631  -4.60449   475.337 
      7.8   531.626  -77.7707   22.3741   78.7473  -4.66698   475.253 
      7.9   531.048  -77.6037   22.9519   78.8328  -4.72957   475.167 
        8   530.463  -77.4366   23.5371   78.9196  -4.79227    475.08 
      8.1    529.87  -77.2696   24.1297   79.0077  -4.85508   474.992 
      8.2    529.27  -77.1025   24.7297   79.0971  -4.91802   474.903 
      8.3   528.663  -76.9354    25.337   79.1878  -4.98106   474.812 
      8.4   528.048  -76.7683   25.9518   79.2798  -5.04423    474.72 
      8.5   527.426  -76.6011    26.574   79.3732  -5.10752   474.627 
      8.6   526.796  -76.4338   27.2036   79.4679  -5.17093   474.532 
      8.7   526.159  -76.2665   27.8405   79.5639  -5.23446   474.436 
      8.8   525.515  -76.0992    28.485   79.6613  -5.29812   474.339 
      8.9   524.863  -75.9318   29.1368     79.76  -5.36191    474.24 
        9   524.204  -75.7643    29.796   79.8601  -5.42584    474.14 
      9.1   523.537  -75.5968   30.4627   79.9616  -5.48989   474.038 
      9.2   522.863  -75.4291   31.1367   80.0645  -5.55408   473.935 
      9.3   522.182  -75.2615   31.8182   80.1688   -5.6184   473.831 
      9.4   521.493  -75.0937   32.5072   80.2745  -5.68287   473.725 
      9.5   520.796  -74.9258   33.2035   80.3817  -5.74747   473.618 
      9.6   520.093  -74.7579   33.9073   80.4902  -5.81222    473.51 
      9.7   519.381  -74.5898   34.6186   80.6002  -5.87711     473.4 
      9.8   518.663  -74.4217   35.3372   80.7117  -5.94215   473.288 
      9.9   517.937  -74.2535   36.0634   80.8247  -6.00734   473.175 
       10   517.203  -74.0851    36.797   80.9391  -6.07268   473.061 
     10.1   516.462  -73.9167    37.538    81.055  -6.13818   472.945 
     10.2   515.713  -73.7481   38.2865   81.1724  -6.20383   472.828 
     10.3   514.958  -73.5794   39.0425   81.2914  -6.26964   472.709 
     10.4   514.194  -73.4107   39.8059   81.4119  -6.33561   472.588 
     10.5   513.423  -73.2417   40.5768   81.5339  -6.40175   472.466 
     10.6   512.645  -73.0727   41.3552   81.6574  -6.46805   472.343 
     10.7   511.859  -72.9035   42.1411   81.7826  -6.53452   472.217 
     10.8   511.066  -72.7342   42.9345   81.9093  -6.60116   472.091 
     10.9   510.265  -72.5648   43.7353   82.0376  -6.66798   471.962 
       11   509.456  -72.3952   44.5437   82.1676  -6.73497   471.832 
     11.1    508.64  -72.2255   45.3596   82.2991  -6.80214   471.701 
     11.2   507.817  -72.0556    46.183   82.4323  -6.86949   471.568 
     11.3   506.986  -71.8856   47.0139   82.5672  -6.93702   471.433 
     11.4   506.148  -71.7154   47.8524   82.7037  -7.00474   471.296 
     11.5   505.302  -71.5451   48.6983   82.8419  -7.07265   471.158 
     11.6   504.448  -71.3746   49.5519   82.9818  -7.14076   471.018 
     11.7   503.587   -71.204   50.4129   83.1235  -7.20905   470.877 
     11.8   502.718  -71.0332   51.2816   83.2668  -7.27755   470.733 
     11.9   501.842  -70.8622   52.1578    83.412  -7.34624   470.588 
       12   500.958   -70.691   53.0415   83.5589  -7.41514   470.441 
     12.1   500.067  -70.5196   53.9329   83.7075  -7.48425   470.292 
     12.2   499.168  -70.3481   54.8318    83.858  -7.55356   470.142 
     12.3   498.262  -70.1764   55.7383   84.0103  -7.62309    469.99 
     12.4   497.348  -70.0045   56.6525   84.1645  -7.69283   469.836 
     12.5   496.426  -69.8324   57.5743   84.3205  -7.76279    469.68 
     12.6   495.496  -69.6601   58.5037   84.4783  -7.83298   469.522 
     12.7   494.559  -69.4876   59.4407   84.6381  -7.90339   469.362 
     12.8   493.615  -69.3149   60.3854   84.7998  -7.97403     469.2 
     12.9   492.662   -69.142   61.3377   84.9635   -8.0449   469.037 
       13   491.702  -68.9688   62.2977    85.129    -8.116   468.871 
     13.1   490.735  -68.7955   63.2654   85.2966  -8.18735   468.703 
     13.2   489.759  -68.6219   64.2408   85.4662  -8.25893   468.534 
     13.3   488.776  -68.4481   65.2239   85.6378  -8.33077   468.362 
     13.4   487.785  -68.2741   66.2147   85.8115  -8.40285   468.189 
     13.5   486.787  -68.0999   67.2132   85.9872  -8.47519   468.013 
     13.6   485.781  -67.9254   68.2195    86.165  -8.54778   467.835 
     13.7   484.766  -67.7506   69.2335   86.3449  -8.62063   467.655 
     13.8   483.745  -67.5757   70.2553    86.527  -8.69375   467.473 
     13.9   482.715  -67.4004   71.2849   86.7113  -8.76714   467.289 
       14   481.678   -67.225   72.3223   86.8977   -8.8408   467.102 
     14.1   480.632  -67.0492   73.3675   87.0864  -8.91474   466.914 
     14.2   479.579  -66.8732   74.4206   87.2773  -8.98896   466.723 
     14.3   478.519  -66.6969   75.4815   87.4704  -9.06347    466.53 
     14.4    477.45  -66.5204   76.5503   87.6659  -9.13826   466.334 
     14.5   476.373  -66.3436   77.6269   87.8637  -9.21335   466.136 
     14.6   475.289  -66.1665   78.7115   88.0639  -9.28874   465.936 
     14.7   474.196  -65.9891    79.804   88.2664  -9.36444   465.734 
     14.8   473.096  -65.8114   80.9044   88.4714  -9.44044   465.529 
     14.9   471.987  -65.6334   82.0128   88.6788  -9.51675   465.321 
       15   470.871  -65.4551   83.1291   88.8887  -9.59338   465.111 
     15.1   469.746  -65.2765   84.2535   89.1011  -9.67034   464.899 
     15.2   468.614  -65.0976   85.3859   89.3161  -9.74762   464.684 
     15.3   467.474  -64.9184   86.5264   89.5336  -9.82524   464.466 
     15.4   466.325  -64.7388   87.6749   89.7538  -9.90319   464.246 
     15.5   465.169  -64.5589   88.8315   89.9766  -9.98149   464.023 
     15.6   464.004  -64.3787   89.9962   90.2021  -10.0601   463.798 
     15.7   462.831  -64.1981   91.1691   90.4303  -10.1391    463.57 
     15.8    461.65  -64.0172   92.3502   90.6613  -10.2185   463.339 
     15.9   460.461   -63.836   93.5394   90.8951  -10.2982   463.105 
       16   459.263  -63.6543   94.7369   91.1317  -10.3783   462.868 
     16.1   458.057  -63.4723   95.9426   91.3712  -10.4588   462.629 
     16.2   456.843    -63.29   97.1567   91.6137  -10.5397   462.386 
     16.3   455.621  -63.1072    98.379   91.8591  -10.6209   462.141 
     16.4    454.39  -62.9241   99.6097   92.1075  -10.7026   461.893 
     16.5   453.151  -62.7406   100.849    92.359  -10.7847   461.641 
     16.6   451.904  -62.5567   102.096   92.6135  -10.8671   461.386 
     16.7   450.648  -62.3724   103.352   92.8712    -10.95   461.129 
     16.8   449.383  -62.1876   104.617   93.1322  -11.0333   460.868 
     16.9    448.11  -62.0025    105.89   93.3963  -11.1171   460.604 
       17   446.829  -61.8169   107.171   93.6638  -11.2013   460.336 
     17.1   445.539  -61.6308   108.461   93.9346  -11.2859   460.065 
     17.2    444.24  -61.4444    109.76   94.2088   -11.371   459.791 
     17.3   442.933  -61.2574   111.067   94.4865  -11.4565   459.514 
     17.4   441.616    -61.07   112.384   94.7677  -11.5426   459.232 
     17.5   440.291  -60.8822   113.709   95.0524  -11.6291   458.948 
     17.6   438.958  -60.6938   115.042   95.3408  -11.7161   458.659 
     17.7   437.615   -60.505   116.385   95.6329  -11.8036   458.367 
     17.8   436.263  -60.3157   117.737   95.9287  -11.8916   458.071 
     17.9   434.903  -60.1259   119.097   96.2284  -11.9801   457.772 
       18   433.533  -59.9355   120.467    96.532  -12.0691   457.468 
     18.1   432.155  -59.7447   121.845   96.8395  -12.1587   457.161 
     18.2   430.767  -59.5532   123.233    97.151  -12.2488   456.849 
     18.3    429.37  -59.3613    124.63   97.4667  -12.3395   456.533 
     18.4   427.964  -59.1688   126.036   97.7865  -12.4308   456.214 
     18.5   426.548  -58.9757   127.452   98.1105  -12.5226   455.889 
     18.6   425.123   -58.782   128.877   98.4389   -12.615   455.561 
     18.7   423.689  -58.5878   130.311   98.7717   -12.708   455.228 
     18.8   422.245  -58.3929   131.755    99.109  -12.8017   454.891 
     18.9   420.791  -58.1974   133.209   99.4509  -12.8959   454.549 
       19   419.328  -58.0013   134.672   99.7975  -12.9908   454.203 
     19.1   417.855  -57.8046   136.145   100.149  -13.0863   453.851 
     19.2   416.372  -57.6072   137.628   100.505  -13.1825   453.495 
     19.3    414.88  -57.4091    139.12   100.866  -13.2794   453.134 
     19.4   413.377  -57.2103   140.623   101.232   -13.377   452.768 
     19.5   411.864  -57.0109   142.136   101.604  -13.4753   452.396 
     19.6   410.341  -56.8107   143.659    101.98  -13.5743    452.02 
     19.7   408.808  -56.6098   145.192   102.362   -13.674   451.638 
     19.8   407.264  -56.4081   146.736    102.75  -13.7745    451.25 
     19.9    405.71  -56.2057    148.29   103.143  -13.8758   450.857 
       20   404.145  -56.0025   149.855   103.542  -13.9779   450.458 
     20.1    402.57  -55.7985    151.43   103.946  -14.0807   450.054 
     20.2   400.984  -55.5937   153.016   104.357  -14.1844   449.643 
     20.3   399.386  -55.3881   154.614   104.774  -14.2889   449.226 
     20.4   397.778  -55.1816   156.222   105.197  -14.3943   448.803 
     20.5   396.159  -54.9742   157.841   105.626  -14.5006   448.374 
     20.6   394.528  -54.7659   159.472   106.062  -14.6078   447.938 
     20.7   392.885  -54.5567   161.115   106.505  -14.7159   447.495 
     20.8   391.231  -54.3466   162.769   106.955   -14.825   447.045 
     20.9   389.565  -54.1355   164.435   107.412   -14.935   446.588 
       21   387.888  -53.9234   166.112   107.876   -15.046   446.124 
     21.1   386.198  -53.7103   167.802   108.347  -15.1581   445.653 
     21.2   384.495  -53.4961   169.505   108.826  -15.2712   445.174 
     21.3   382.781  -53.2809   171.219   109.313  -15.3854   444.687 
     21.4   381.053  -53.0645   172.947   109.808  -15.5007   444.192 
     21.5   379.313  -52.8471   174.687   110.312  -15.6171   443.688 
     21.6   377.559  -52.6284   176.441   110.823  -15.7347   443.177 
     21.7   375.793  -52.4086   178.207   111.344  -15.8535   442.656 
     21.8   374.012  -52.1875   179.988   111.873  -15.9736   442.127 
     21.9   372.218  -51.9652   181.782   112.412  -16.0949   441.588 
       22    370.41  -51.7416    183.59    112.96  -16.2175    441.04 
     22.1   368.587  -51.5166   185.413   113.518  -16.3415   440.482 
     22.2    366.75  -51.2903    187.25   114.086  -16.4668   439.914 
     22.3   364.898  -51.0625   189.102   114.665  -16.5936   439.335 
     22.4    363.03  -50.8332    190.97   115.254  -16.7219   438.746 
     22.5   361.147  -50.6024   192.853   115.854  -16.8517   438.146 
     22.6   359.249  -50.3701   194.751   116.466  -16.9831   437.534 
     22.7   357.333  -50.1361   196.667   117.089  -17.1161   436.911 
     22.8   355.402  -49.9005   198.598   117.725  -17.2508   436.275 
     22.9   353.453  -49.6631   200.547   118.374  -17.3872   435.626 
       23   351.486  -49.4239   202.514   119.035  -17.5255   434.965 
     23.1   349.502  -49.1828   204.498    119.71  -17.6656    434.29 
     23.2   347.499  -48.9398   206.501     120.4  -17.8077     433.6 
     23.3   345.477  -48.6948   208.523   121.104  -17.9517   432.896 
     23.4   343.435  -48.4477   210.565   121.823  -18.0979   432.177 
     23.5   341.373  -48.1985   212.627   122.558  -18.2462   431.442 
     23.6   339.291   -47.947   214.709    123.31  -18.3968    430.69 
     23.7   337.187  -47.6931   216.813   124.078  -18.5498   429.922 
     23.8   335.061  -47.4368   218.939   124.865  -18.7052   429.135 
     23.9   332.911  -47.1779   221.089    125.67  -18.8632    428.33 
       24   330.738  -46.9163   223.262   126.495  -19.0239   427.505 
     24.1   328.541  -46.6519   225.459   127.341  -19.1874   426.659 
     24.2   326.317  -46.3846   227.683   128.208  -19.3538   425.792 
     24.3   324.067  -46.1143   229.933   129.097  -19.5233   424.903 
     24.4   321.789  -45.8406   232.211    130.01   -19.696    423.99 
     24.5   319.482  -45.5636   234.518   130.948  -19.8722   423.052 
     24.6   317.144   -45.283   236.856   131.913  -20.0519   422.087 
     24.7   314.775  -44.9986   239.225   132.905  -20.2355   421.095 
     24.8   312.372  -44.7102   241.628   133.927  -20.4231   420.073 
     24.9   309.933  -44.4175   244.067    134.98  -20.6149    419.02 
       25   307.458  -44.1203   246.542   136.066  -20.8113   417.934 
     25.1   304.943  -43.8183   249.057   137.187  -21.0124   416.813 
     25.2   302.386  -43.5111   251.614   138.346  -21.2188   415.654 
     25.3   299.784  -43.1984   254.216   139.546  -21.4306   414.454 
     25.4   297.136  -42.8799   256.864   140.789  -21.6483   413.211 
     25.5   294.436  -42.5549   259.564   142.079  -21.8725   411.921 
     25.6   291.681   -42.223   262.319    143.42  -22.1035    410.58 
     25.7   288.867  -41.8837   265.133   144.816  -22.3421   409.184 
     25.8   285.989  -41.5361   268.011   146.273  -22.5888   407.727 
     25.9   283.041  -41.1796   270.959   147.795  -22.8446   406.205 
       26   280.016  -40.8131   273.984   149.391  -23.1102   404.609 
     26.1   276.905  -40.4356   277.095   151.068  -23.3869   402.932 
     26.2     273.7  -40.0458     280.3   152.837   -23.676   401.163 
     26.3   270.387   -39.642   283.613   154.708   -23.979   399.292 
     26.4   266.953  -39.2223   287.047   156.697  -24.2979   397.303 
     26.5   263.379  -38.7842   290.621   158.823  -24.6353   395.177 
     26.6   259.641  -38.3244   294.359   161.108  -24.9943   392.892 
     26.7   255.708  -37.8387   298.292   163.586  -25.3793   390.414 
     26.8   251.535  -37.3211   302.465   166.298   -25.796   387.702 
     26.9   247.061  -36.7634   306.939   169.309   -26.253   384.691 
       27   242.188  -36.1523   311.812   172.715  -26.7634   381.285 
     27.1   236.753  -35.4658   317.247   176.678  -27.3491   377.322 
     27.2   230.435  -34.6607   323.565   181.521  -28.0534   372.479 
