===========================================================
Peakfit results for file:     b06_01_0 at 11-Nov-21 10
fw0 =     4.8 ch  and fw1=   0.009    (dA/A) <  1.00
Calibration (a0,a1,a2)=     5.0   10.000  0.0000E+00

Spec Centroid  fwhm  Counts(dCount)  Energy(dEnergy)   fwhm
(ch)   (ch)    (ch)                   (keV)    (keV)  (keV)
===========================================================
   0    51.0    4.7     118      19    514.6     4.7   47.5
   0    70.6   11.1     362      31    710.7     2.6  111.3
   0   101.6    6.2    4925      76   1020.6     0.4   62.4
   0   205.9    3.9     136      31   2064.4    10.3   39.2
   0   468.5    8.6    5059     119   4689.9     1.3   85.9
   0   490.5   11.9    8625     120   4909.9     0.7  118.7
   0   511.2   10.2    3446      82   5117.1     1.1  102.1
  
===========================================================
Peakfit results for file:     b06_02_0 at 11-Nov-21 10
fw0 =     2.3 ch  and fw1=   0.028    (dA/A) <  1.00
Calibration (a0,a1,a2)=     5.0   10.000  0.0000E+00

Spec Centroid  fwhm  Counts(dCount)  Energy(dEnergy)   fwhm
(ch)   (ch)    (ch)                   (keV)    (keV)  (keV)
===========================================================
   0    99.9    5.5     400      35   1003.7     2.8   55.2
   0   149.6    7.6     699      82   1500.7     5.0   76.2
   0   169.3    8.5    1544     109   1697.9     3.1   85.0
   0   192.8    9.8    3558     138   1932.8     1.8   97.7
  
