The system is: Darwin - 19.0.0 - x86_64
Compiling the CXX compiler identification source file "CMakeCXXCompilerId.cpp" succeeded.
Compiler: /Applications/Xcode.app/Contents/Developer/Toolchains/XcodeDefault.xctoolchain/usr/bin/c++ 
Build flags: 
Id flags:  

The output was:
0


Compilation of the CXX compiler identification source "CMakeCXXCompilerId.cpp" produced "a.out"

The CXX compiler identification is AppleClang, found in "/Users/vetlewi/Git_Repositories/development/oslo-method-software/mama/cmake-build-debug/CMakeFiles/3.15.3/CompilerIdCXX/a.out"

Compiling the Fortran compiler identification source file "CMakeFortranCompilerId.F" succeeded.
Compiler: /usr/local/bin/gfortran 
Build flags: 
Id flags: -v 

The output was:
0
Driving: /usr/local/bin/gfortran -v CMakeFortranCompilerId.F -mmacosx-version-min=10.15.0 -asm_macosx_version_min=10.15 -l gfortran -shared-libgcc
Using built-in specs.
COLLECT_GCC=/usr/local/bin/gfortran
COLLECT_LTO_WRAPPER=/usr/local/Cellar/gcc/9.2.0_1/libexec/gcc/x86_64-apple-darwin18/9.2.0/lto-wrapper
Target: x86_64-apple-darwin18
Configured with: ../configure --build=x86_64-apple-darwin18 --prefix=/usr/local/Cellar/gcc/9.2.0_1 --libdir=/usr/local/Cellar/gcc/9.2.0_1/lib/gcc/9 --disable-nls --enable-checking=release --enable-languages=c,c++,objc,obj-c++,fortran --program-suffix=-9 --with-gmp=/usr/local/opt/gmp --with-mpfr=/usr/local/opt/mpfr --with-mpc=/usr/local/opt/libmpc --with-isl=/usr/local/opt/isl --with-system-zlib --with-pkgversion='Homebrew GCC 9.2.0_1' --with-bugurl=https://github.com/Homebrew/homebrew-core/issues --disable-multilib --with-native-system-header-dir=/usr/include --with-sysroot=/Library/Developer/CommandLineTools/SDKs/MacOSX.sdk
Thread model: posix
gcc version 9.2.0 (Homebrew GCC 9.2.0_1) 
COLLECT_GCC_OPTIONS='-v' '-mmacosx-version-min=10.15.0' '-asm_macosx_version_min=10.15' '-shared-libgcc' '-mtune=core2'
 /usr/local/Cellar/gcc/9.2.0_1/libexec/gcc/x86_64-apple-darwin18/9.2.0/f951 CMakeFortranCompilerId.F -ffixed-form -cpp=/var/folders/cb/ly7f8x1n48q9lkmqt6c6lyv00000gn/T//cc3Jhm77.f90 -quiet -v -D__DYNAMIC__ CMakeFortranCompilerId.F -fPIC -quiet -dumpbase CMakeFortranCompilerId.F -mmacosx-version-min=10.15.0 -mtune=core2 -auxbase CMakeFortranCompilerId -version -fintrinsic-modules-path /usr/local/Cellar/gcc/9.2.0_1/lib/gcc/9/gcc/x86_64-apple-darwin18/9.2.0/finclude -o /var/folders/cb/ly7f8x1n48q9lkmqt6c6lyv00000gn/T//cc47u7ra.s
GNU Fortran (Homebrew GCC 9.2.0_1) version 9.2.0 (x86_64-apple-darwin18)
	compiled by GNU C version 9.2.0, GMP version 6.1.2, MPFR version 4.0.2, MPC version 1.1.0, isl version isl-0.21-GMP

GGC heuristics: --param ggc-min-expand=100 --param ggc-min-heapsize=131072
ignoring nonexistent directory "/Library/Developer/CommandLineTools/SDKs/MacOSX.sdk/usr/local/include"
ignoring nonexistent directory "/usr/local/Cellar/gcc/9.2.0_1/lib/gcc/9/gcc/x86_64-apple-darwin18/9.2.0/../../../../../../x86_64-apple-darwin18/include"
#include "..." search starts here:
#include <...> search starts here:
 /usr/local/Cellar/gcc/9.2.0_1/lib/gcc/9/gcc/x86_64-apple-darwin18/9.2.0/finclude
 /usr/local/Cellar/gcc/9.2.0_1/lib/gcc/9/gcc/x86_64-apple-darwin18/9.2.0/include
 /usr/local/Cellar/gcc/9.2.0_1/lib/gcc/9/gcc/x86_64-apple-darwin18/9.2.0/include-fixed
 /Library/Developer/CommandLineTools/SDKs/MacOSX.sdk/usr/include
End of search list.
GNU Fortran2008 (Homebrew GCC 9.2.0_1) version 9.2.0 (x86_64-apple-darwin18)
	compiled by GNU C version 9.2.0, GMP version 6.1.2, MPFR version 4.0.2, MPC version 1.1.0, isl version isl-0.21-GMP

GGC heuristics: --param ggc-min-expand=100 --param ggc-min-heapsize=131072
COLLECT_GCC_OPTIONS='-v' '-mmacosx-version-min=10.15.0'  '-shared-libgcc' '-mtune=core2'
 as -arch x86_64 -v -force_cpusubtype_ALL -mmacosx-version-min=10.15 -o /var/folders/cb/ly7f8x1n48q9lkmqt6c6lyv00000gn/T//ccG0cqV7.o /var/folders/cb/ly7f8x1n48q9lkmqt6c6lyv00000gn/T//cc47u7ra.s
Apple clang version 11.0.0 (clang-1100.0.33.12)
Target: x86_64-apple-darwin19.0.0
Thread model: posix
InstalledDir: /Applications/Xcode.app/Contents/Developer/Toolchains/XcodeDefault.xctoolchain/usr/bin
 "/Applications/Xcode.app/Contents/Developer/Toolchains/XcodeDefault.xctoolchain/usr/bin/clang" -cc1as -triple x86_64-apple-macosx10.15.0 -filetype obj -main-file-name cc47u7ra.s -target-cpu penryn -fdebug-compilation-dir /Users/vetlewi/Git_Repositories/development/oslo-method-software/mama/cmake-build-debug/CMakeFiles/3.15.3/CompilerIdFortran -dwarf-debug-producer Apple clang version 11.0.0 (clang-1100.0.33.12) -dwarf-version=4 -mrelocation-model pic -o /var/folders/cb/ly7f8x1n48q9lkmqt6c6lyv00000gn/T//ccG0cqV7.o /var/folders/cb/ly7f8x1n48q9lkmqt6c6lyv00000gn/T//cc47u7ra.s
Reading specs from /usr/local/Cellar/gcc/9.2.0_1/lib/gcc/9/gcc/x86_64-apple-darwin18/9.2.0/../../../libgfortran.spec
rename spec lib to liborig
COLLECT_GCC_OPTIONS='-v' '-mmacosx-version-min=10.15.0'  '-shared-libgcc' '-mtune=core2'
COMPILER_PATH=/usr/local/Cellar/gcc/9.2.0_1/libexec/gcc/x86_64-apple-darwin18/9.2.0/:/usr/local/Cellar/gcc/9.2.0_1/libexec/gcc/x86_64-apple-darwin18/9.2.0/:/usr/local/Cellar/gcc/9.2.0_1/libexec/gcc/x86_64-apple-darwin18/:/usr/local/Cellar/gcc/9.2.0_1/lib/gcc/9/gcc/x86_64-apple-darwin18/9.2.0/:/usr/local/Cellar/gcc/9.2.0_1/lib/gcc/9/gcc/x86_64-apple-darwin18/
LIBRARY_PATH=/usr/local/Cellar/gcc/9.2.0_1/lib/gcc/9/gcc/x86_64-apple-darwin18/9.2.0/:/usr/local/Cellar/gcc/9.2.0_1/lib/gcc/9/gcc/x86_64-apple-darwin18/9.2.0/../../../
COLLECT_GCC_OPTIONS='-v' '-mmacosx-version-min=10.15.0'  '-shared-libgcc' '-mtune=core2'
 /usr/local/Cellar/gcc/9.2.0_1/libexec/gcc/x86_64-apple-darwin18/9.2.0/collect2 -syslibroot /Library/Developer/CommandLineTools/SDKs/MacOSX.sdk/ -dynamic -arch x86_64 -macosx_version_min 10.15.0 -weak_reference_mismatches non-weak -o a.out -L/usr/local/Cellar/gcc/9.2.0_1/lib/gcc/9/gcc/x86_64-apple-darwin18/9.2.0 -L/usr/local/Cellar/gcc/9.2.0_1/lib/gcc/9/gcc/x86_64-apple-darwin18/9.2.0/../../.. /var/folders/cb/ly7f8x1n48q9lkmqt6c6lyv00000gn/T//ccG0cqV7.o -lgfortran -no_compact_unwind -lSystem -lgcc_ext.10.5 -lgcc -lquadmath -lm -lgcc_ext.10.5 -lgcc -lSystem -v
collect2 version 9.2.0
/usr/bin/ld -syslibroot /Library/Developer/CommandLineTools/SDKs/MacOSX.sdk/ -dynamic -arch x86_64 -macosx_version_min 10.15.0 -weak_reference_mismatches non-weak -o a.out -L/usr/local/Cellar/gcc/9.2.0_1/lib/gcc/9/gcc/x86_64-apple-darwin18/9.2.0 -L/usr/local/Cellar/gcc/9.2.0_1/lib/gcc/9/gcc/x86_64-apple-darwin18/9.2.0/../../.. /var/folders/cb/ly7f8x1n48q9lkmqt6c6lyv00000gn/T//ccG0cqV7.o -lgfortran -no_compact_unwind -lSystem -lgcc_ext.10.5 -lgcc -lquadmath -lm -lgcc_ext.10.5 -lgcc -lSystem -v
@(#)PROGRAM:ld  PROJECT:ld64-520
BUILD 18:38:01 Oct 11 2019
configured to support archs: armv6 armv7 armv7s arm64 arm64e arm64_32 i386 x86_64 x86_64h armv6m armv7k armv7m armv7em
Library search paths:
	/usr/local/Cellar/gcc/9.2.0_1/lib/gcc/9/gcc/x86_64-apple-darwin18/9.2.0
	/usr/local/Cellar/gcc/9.2.0_1/lib/gcc/9
	/Library/Developer/CommandLineTools/SDKs/MacOSX.sdk/usr/lib
Framework search paths:
	/Library/Developer/CommandLineTools/SDKs/MacOSX.sdk/System/Library/Frameworks/


Compilation of the Fortran compiler identification source "CMakeFortranCompilerId.F" produced "a.out"

The Fortran compiler identification is GNU, found in "/Users/vetlewi/Git_Repositories/development/oslo-method-software/mama/cmake-build-debug/CMakeFiles/3.15.3/CompilerIdFortran/a.out"

Determining if the CXX compiler works passed with the following output:
Change Dir: /Users/vetlewi/Git_Repositories/development/oslo-method-software/mama/cmake-build-debug/CMakeFiles/CMakeTmp

Run Build Command(s):/usr/bin/make cmTC_bc539/fast && /Applications/Xcode.app/Contents/Developer/usr/bin/make -f CMakeFiles/cmTC_bc539.dir/build.make CMakeFiles/cmTC_bc539.dir/build
Building CXX object CMakeFiles/cmTC_bc539.dir/testCXXCompiler.cxx.o
/Applications/Xcode.app/Contents/Developer/Toolchains/XcodeDefault.xctoolchain/usr/bin/c++    -isysroot /Applications/Xcode.app/Contents/Developer/Platforms/MacOSX.platform/Developer/SDKs/MacOSX10.15.sdk   -o CMakeFiles/cmTC_bc539.dir/testCXXCompiler.cxx.o -c /Users/vetlewi/Git_Repositories/development/oslo-method-software/mama/cmake-build-debug/CMakeFiles/CMakeTmp/testCXXCompiler.cxx
Linking CXX executable cmTC_bc539
"/Users/vetlewi/Library/Application Support/JetBrains/Toolbox/apps/CLion/ch-0/192.7142.39/CLion.app/Contents/bin/cmake/mac/bin/cmake" -E cmake_link_script CMakeFiles/cmTC_bc539.dir/link.txt --verbose=1
/Applications/Xcode.app/Contents/Developer/Toolchains/XcodeDefault.xctoolchain/usr/bin/c++    -isysroot /Applications/Xcode.app/Contents/Developer/Platforms/MacOSX.platform/Developer/SDKs/MacOSX10.15.sdk -Wl,-search_paths_first -Wl,-headerpad_max_install_names   CMakeFiles/cmTC_bc539.dir/testCXXCompiler.cxx.o  -o cmTC_bc539 



Detecting CXX compiler ABI info compiled with the following output:
Change Dir: /Users/vetlewi/Git_Repositories/development/oslo-method-software/mama/cmake-build-debug/CMakeFiles/CMakeTmp

Run Build Command(s):/usr/bin/make cmTC_87e63/fast && /Applications/Xcode.app/Contents/Developer/usr/bin/make -f CMakeFiles/cmTC_87e63.dir/build.make CMakeFiles/cmTC_87e63.dir/build
Building CXX object CMakeFiles/cmTC_87e63.dir/CMakeCXXCompilerABI.cpp.o
/Applications/Xcode.app/Contents/Developer/Toolchains/XcodeDefault.xctoolchain/usr/bin/c++    -isysroot /Applications/Xcode.app/Contents/Developer/Platforms/MacOSX.platform/Developer/SDKs/MacOSX10.15.sdk   -v -Wl,-v -o CMakeFiles/cmTC_87e63.dir/CMakeCXXCompilerABI.cpp.o -c "/Users/vetlewi/Library/Application Support/JetBrains/Toolbox/apps/CLion/ch-0/192.7142.39/CLion.app/Contents/bin/cmake/mac/share/cmake-3.15/Modules/CMakeCXXCompilerABI.cpp"
Apple clang version 11.0.0 (clang-1100.0.33.12)
Target: x86_64-apple-darwin19.0.0
Thread model: posix
InstalledDir: /Applications/Xcode.app/Contents/Developer/Toolchains/XcodeDefault.xctoolchain/usr/bin
clang: warning: -Wl,-v: 'linker' input unused [-Wunused-command-line-argument]
 "/Applications/Xcode.app/Contents/Developer/Toolchains/XcodeDefault.xctoolchain/usr/bin/clang" -cc1 -triple x86_64-apple-macosx10.15.0 -Wdeprecated-objc-isa-usage -Werror=deprecated-objc-isa-usage -emit-obj -mrelax-all -disable-free -disable-llvm-verifier -discard-value-names -main-file-name CMakeCXXCompilerABI.cpp -mrelocation-model pic -pic-level 2 -mthread-model posix -mdisable-fp-elim -fno-strict-return -masm-verbose -munwind-tables -target-sdk-version=10.15 -target-cpu penryn -dwarf-column-info -debugger-tuning=lldb -ggnu-pubnames -target-linker-version 520 -v -coverage-notes-file /Users/vetlewi/Git_Repositories/development/oslo-method-software/mama/cmake-build-debug/CMakeFiles/CMakeTmp/CMakeFiles/cmTC_87e63.dir/CMakeCXXCompilerABI.cpp.gcno -resource-dir /Applications/Xcode.app/Contents/Developer/Toolchains/XcodeDefault.xctoolchain/usr/lib/clang/11.0.0 -isysroot /Applications/Xcode.app/Contents/Developer/Platforms/MacOSX.platform/Developer/SDKs/MacOSX10.15.sdk -stdlib=libc++ -internal-isystem /Applications/Xcode.app/Contents/Developer/Toolchains/XcodeDefault.xctoolchain/usr/bin/../include/c++/v1 -Wno-framework-include-private-from-public -Wno-atimport-in-framework-header -Wno-extra-semi-stmt -Wno-quoted-include-in-framework-header -fdeprecated-macro -fdebug-compilation-dir /Users/vetlewi/Git_Repositories/development/oslo-method-software/mama/cmake-build-debug/CMakeFiles/CMakeTmp -ferror-limit 19 -fmessage-length 0 -stack-protector 1 -fstack-check -mdarwin-stkchk-strong-link -fblocks -fencode-extended-block-signature -fregister-global-dtors-with-atexit -fobjc-runtime=macosx-10.15.0 -fcxx-exceptions -fexceptions -fmax-type-align=16 -fdiagnostics-show-option -o CMakeFiles/cmTC_87e63.dir/CMakeCXXCompilerABI.cpp.o -x c++ /Users/vetlewi/Library/Application Support/JetBrains/Toolbox/apps/CLion/ch-0/192.7142.39/CLion.app/Contents/bin/cmake/mac/share/cmake-3.15/Modules/CMakeCXXCompilerABI.cpp
clang -cc1 version 11.0.0 (clang-1100.0.33.12) default target x86_64-apple-darwin19.0.0
ignoring nonexistent directory "/Applications/Xcode.app/Contents/Developer/Platforms/MacOSX.platform/Developer/SDKs/MacOSX10.15.sdk/usr/include/c++/v1"
ignoring nonexistent directory "/Applications/Xcode.app/Contents/Developer/Platforms/MacOSX.platform/Developer/SDKs/MacOSX10.15.sdk/usr/local/include"
ignoring nonexistent directory "/Applications/Xcode.app/Contents/Developer/Platforms/MacOSX.platform/Developer/SDKs/MacOSX10.15.sdk/Library/Frameworks"
#include "..." search starts here:
#include <...> search starts here:
 /Applications/Xcode.app/Contents/Developer/Toolchains/XcodeDefault.xctoolchain/usr/bin/../include/c++/v1
 /Applications/Xcode.app/Contents/Developer/Toolchains/XcodeDefault.xctoolchain/usr/lib/clang/11.0.0/include
 /Applications/Xcode.app/Contents/Developer/Toolchains/XcodeDefault.xctoolchain/usr/include
 /Applications/Xcode.app/Contents/Developer/Platforms/MacOSX.platform/Developer/SDKs/MacOSX10.15.sdk/usr/include
 /Applications/Xcode.app/Contents/Developer/Platforms/MacOSX.platform/Developer/SDKs/MacOSX10.15.sdk/System/Library/Frameworks (framework directory)
End of search list.
Linking CXX executable cmTC_87e63
"/Users/vetlewi/Library/Application Support/JetBrains/Toolbox/apps/CLion/ch-0/192.7142.39/CLion.app/Contents/bin/cmake/mac/bin/cmake" -E cmake_link_script CMakeFiles/cmTC_87e63.dir/link.txt --verbose=1
/Applications/Xcode.app/Contents/Developer/Toolchains/XcodeDefault.xctoolchain/usr/bin/c++    -isysroot /Applications/Xcode.app/Contents/Developer/Platforms/MacOSX.platform/Developer/SDKs/MacOSX10.15.sdk -Wl,-search_paths_first -Wl,-headerpad_max_install_names  -v -Wl,-v CMakeFiles/cmTC_87e63.dir/CMakeCXXCompilerABI.cpp.o  -o cmTC_87e63 
Apple clang version 11.0.0 (clang-1100.0.33.12)
Target: x86_64-apple-darwin19.0.0
Thread model: posix
InstalledDir: /Applications/Xcode.app/Contents/Developer/Toolchains/XcodeDefault.xctoolchain/usr/bin
 "/Applications/Xcode.app/Contents/Developer/Toolchains/XcodeDefault.xctoolchain/usr/bin/ld" -demangle -lto_library /Applications/Xcode.app/Contents/Developer/Toolchains/XcodeDefault.xctoolchain/usr/lib/libLTO.dylib -dynamic -arch x86_64 -macosx_version_min 10.15.0 -syslibroot /Applications/Xcode.app/Contents/Developer/Platforms/MacOSX.platform/Developer/SDKs/MacOSX10.15.sdk -o cmTC_87e63 -search_paths_first -headerpad_max_install_names -v CMakeFiles/cmTC_87e63.dir/CMakeCXXCompilerABI.cpp.o -lc++ -lSystem /Applications/Xcode.app/Contents/Developer/Toolchains/XcodeDefault.xctoolchain/usr/lib/clang/11.0.0/lib/darwin/libclang_rt.osx.a
@(#)PROGRAM:ld  PROJECT:ld64-520
BUILD 18:38:01 Oct 11 2019
configured to support archs: armv6 armv7 armv7s arm64 arm64e arm64_32 i386 x86_64 x86_64h armv6m armv7k armv7m armv7em
Library search paths:
	/Applications/Xcode.app/Contents/Developer/Platforms/MacOSX.platform/Developer/SDKs/MacOSX10.15.sdk/usr/lib
Framework search paths:
	/Applications/Xcode.app/Contents/Developer/Platforms/MacOSX.platform/Developer/SDKs/MacOSX10.15.sdk/System/Library/Frameworks/



Parsed CXX implicit include dir info from above output: rv=done
  found start of include info
  found start of implicit include info
    add: [/Applications/Xcode.app/Contents/Developer/Toolchains/XcodeDefault.xctoolchain/usr/bin/../include/c++/v1]
    add: [/Applications/Xcode.app/Contents/Developer/Toolchains/XcodeDefault.xctoolchain/usr/lib/clang/11.0.0/include]
    add: [/Applications/Xcode.app/Contents/Developer/Toolchains/XcodeDefault.xctoolchain/usr/include]
    add: [/Applications/Xcode.app/Contents/Developer/Platforms/MacOSX.platform/Developer/SDKs/MacOSX10.15.sdk/usr/include]
  end of search list found
  collapse include dir [/Applications/Xcode.app/Contents/Developer/Toolchains/XcodeDefault.xctoolchain/usr/bin/../include/c++/v1] ==> [/Applications/Xcode.app/Contents/Developer/Toolchains/XcodeDefault.xctoolchain/usr/include/c++/v1]
  collapse include dir [/Applications/Xcode.app/Contents/Developer/Toolchains/XcodeDefault.xctoolchain/usr/lib/clang/11.0.0/include] ==> [/Applications/Xcode.app/Contents/Developer/Toolchains/XcodeDefault.xctoolchain/usr/lib/clang/11.0.0/include]
  collapse include dir [/Applications/Xcode.app/Contents/Developer/Toolchains/XcodeDefault.xctoolchain/usr/include] ==> [/Applications/Xcode.app/Contents/Developer/Toolchains/XcodeDefault.xctoolchain/usr/include]
  collapse include dir [/Applications/Xcode.app/Contents/Developer/Platforms/MacOSX.platform/Developer/SDKs/MacOSX10.15.sdk/usr/include] ==> [/Applications/Xcode.app/Contents/Developer/Platforms/MacOSX.platform/Developer/SDKs/MacOSX10.15.sdk/usr/include]
  implicit include dirs: [/Applications/Xcode.app/Contents/Developer/Toolchains/XcodeDefault.xctoolchain/usr/include/c++/v1;/Applications/Xcode.app/Contents/Developer/Toolchains/XcodeDefault.xctoolchain/usr/lib/clang/11.0.0/include;/Applications/Xcode.app/Contents/Developer/Toolchains/XcodeDefault.xctoolchain/usr/include;/Applications/Xcode.app/Contents/Developer/Platforms/MacOSX.platform/Developer/SDKs/MacOSX10.15.sdk/usr/include]


Parsed CXX implicit link information from above output:
  link line regex: [^( *|.*[/\])(ld|CMAKE_LINK_STARTFILE-NOTFOUND|([^/\]+-)?ld|collect2)[^/\]*( |$)]
  ignore line: [Change Dir: /Users/vetlewi/Git_Repositories/development/oslo-method-software/mama/cmake-build-debug/CMakeFiles/CMakeTmp]
  ignore line: []
  ignore line: [Run Build Command(s):/usr/bin/make cmTC_87e63/fast && /Applications/Xcode.app/Contents/Developer/usr/bin/make -f CMakeFiles/cmTC_87e63.dir/build.make CMakeFiles/cmTC_87e63.dir/build]
  ignore line: [Building CXX object CMakeFiles/cmTC_87e63.dir/CMakeCXXCompilerABI.cpp.o]
  ignore line: [/Applications/Xcode.app/Contents/Developer/Toolchains/XcodeDefault.xctoolchain/usr/bin/c++    -isysroot /Applications/Xcode.app/Contents/Developer/Platforms/MacOSX.platform/Developer/SDKs/MacOSX10.15.sdk   -v -Wl,-v -o CMakeFiles/cmTC_87e63.dir/CMakeCXXCompilerABI.cpp.o -c "/Users/vetlewi/Library/Application Support/JetBrains/Toolbox/apps/CLion/ch-0/192.7142.39/CLion.app/Contents/bin/cmake/mac/share/cmake-3.15/Modules/CMakeCXXCompilerABI.cpp"]
  ignore line: [Apple clang version 11.0.0 (clang-1100.0.33.12)]
  ignore line: [Target: x86_64-apple-darwin19.0.0]
  ignore line: [Thread model: posix]
  ignore line: [InstalledDir: /Applications/Xcode.app/Contents/Developer/Toolchains/XcodeDefault.xctoolchain/usr/bin]
  ignore line: [clang: warning: -Wl,-v: 'linker' input unused [-Wunused-command-line-argument]]
  ignore line: [ "/Applications/Xcode.app/Contents/Developer/Toolchains/XcodeDefault.xctoolchain/usr/bin/clang" -cc1 -triple x86_64-apple-macosx10.15.0 -Wdeprecated-objc-isa-usage -Werror=deprecated-objc-isa-usage -emit-obj -mrelax-all -disable-free -disable-llvm-verifier -discard-value-names -main-file-name CMakeCXXCompilerABI.cpp -mrelocation-model pic -pic-level 2 -mthread-model posix -mdisable-fp-elim -fno-strict-return -masm-verbose -munwind-tables -target-sdk-version=10.15 -target-cpu penryn -dwarf-column-info -debugger-tuning=lldb -ggnu-pubnames -target-linker-version 520 -v -coverage-notes-file /Users/vetlewi/Git_Repositories/development/oslo-method-software/mama/cmake-build-debug/CMakeFiles/CMakeTmp/CMakeFiles/cmTC_87e63.dir/CMakeCXXCompilerABI.cpp.gcno -resource-dir /Applications/Xcode.app/Contents/Developer/Toolchains/XcodeDefault.xctoolchain/usr/lib/clang/11.0.0 -isysroot /Applications/Xcode.app/Contents/Developer/Platforms/MacOSX.platform/Developer/SDKs/MacOSX10.15.sdk -stdlib=libc++ -internal-isystem /Applications/Xcode.app/Contents/Developer/Toolchains/XcodeDefault.xctoolchain/usr/bin/../include/c++/v1 -Wno-framework-include-private-from-public -Wno-atimport-in-framework-header -Wno-extra-semi-stmt -Wno-quoted-include-in-framework-header -fdeprecated-macro -fdebug-compilation-dir /Users/vetlewi/Git_Repositories/development/oslo-method-software/mama/cmake-build-debug/CMakeFiles/CMakeTmp -ferror-limit 19 -fmessage-length 0 -stack-protector 1 -fstack-check -mdarwin-stkchk-strong-link -fblocks -fencode-extended-block-signature -fregister-global-dtors-with-atexit -fobjc-runtime=macosx-10.15.0 -fcxx-exceptions -fexceptions -fmax-type-align=16 -fdiagnostics-show-option -o CMakeFiles/cmTC_87e63.dir/CMakeCXXCompilerABI.cpp.o -x c++ /Users/vetlewi/Library/Application Support/JetBrains/Toolbox/apps/CLion/ch-0/192.7142.39/CLion.app/Contents/bin/cmake/mac/share/cmake-3.15/Modules/CMakeCXXCompilerABI.cpp]
  ignore line: [clang -cc1 version 11.0.0 (clang-1100.0.33.12) default target x86_64-apple-darwin19.0.0]
  ignore line: [ignoring nonexistent directory "/Applications/Xcode.app/Contents/Developer/Platforms/MacOSX.platform/Developer/SDKs/MacOSX10.15.sdk/usr/include/c++/v1"]
  ignore line: [ignoring nonexistent directory "/Applications/Xcode.app/Contents/Developer/Platforms/MacOSX.platform/Developer/SDKs/MacOSX10.15.sdk/usr/local/include"]
  ignore line: [ignoring nonexistent directory "/Applications/Xcode.app/Contents/Developer/Platforms/MacOSX.platform/Developer/SDKs/MacOSX10.15.sdk/Library/Frameworks"]
  ignore line: [#include "..." search starts here:]
  ignore line: [#include <...> search starts here:]
  ignore line: [ /Applications/Xcode.app/Contents/Developer/Toolchains/XcodeDefault.xctoolchain/usr/bin/../include/c++/v1]
  ignore line: [ /Applications/Xcode.app/Contents/Developer/Toolchains/XcodeDefault.xctoolchain/usr/lib/clang/11.0.0/include]
  ignore line: [ /Applications/Xcode.app/Contents/Developer/Toolchains/XcodeDefault.xctoolchain/usr/include]
  ignore line: [ /Applications/Xcode.app/Contents/Developer/Platforms/MacOSX.platform/Developer/SDKs/MacOSX10.15.sdk/usr/include]
  ignore line: [ /Applications/Xcode.app/Contents/Developer/Platforms/MacOSX.platform/Developer/SDKs/MacOSX10.15.sdk/System/Library/Frameworks (framework directory)]
  ignore line: [End of search list.]
  ignore line: [Linking CXX executable cmTC_87e63]
  ignore line: ["/Users/vetlewi/Library/Application Support/JetBrains/Toolbox/apps/CLion/ch-0/192.7142.39/CLion.app/Contents/bin/cmake/mac/bin/cmake" -E cmake_link_script CMakeFiles/cmTC_87e63.dir/link.txt --verbose=1]
  ignore line: [/Applications/Xcode.app/Contents/Developer/Toolchains/XcodeDefault.xctoolchain/usr/bin/c++    -isysroot /Applications/Xcode.app/Contents/Developer/Platforms/MacOSX.platform/Developer/SDKs/MacOSX10.15.sdk -Wl,-search_paths_first -Wl,-headerpad_max_install_names  -v -Wl,-v CMakeFiles/cmTC_87e63.dir/CMakeCXXCompilerABI.cpp.o  -o cmTC_87e63 ]
  ignore line: [Apple clang version 11.0.0 (clang-1100.0.33.12)]
  ignore line: [Target: x86_64-apple-darwin19.0.0]
  ignore line: [Thread model: posix]
  ignore line: [InstalledDir: /Applications/Xcode.app/Contents/Developer/Toolchains/XcodeDefault.xctoolchain/usr/bin]
  link line: [ "/Applications/Xcode.app/Contents/Developer/Toolchains/XcodeDefault.xctoolchain/usr/bin/ld" -demangle -lto_library /Applications/Xcode.app/Contents/Developer/Toolchains/XcodeDefault.xctoolchain/usr/lib/libLTO.dylib -dynamic -arch x86_64 -macosx_version_min 10.15.0 -syslibroot /Applications/Xcode.app/Contents/Developer/Platforms/MacOSX.platform/Developer/SDKs/MacOSX10.15.sdk -o cmTC_87e63 -search_paths_first -headerpad_max_install_names -v CMakeFiles/cmTC_87e63.dir/CMakeCXXCompilerABI.cpp.o -lc++ -lSystem /Applications/Xcode.app/Contents/Developer/Toolchains/XcodeDefault.xctoolchain/usr/lib/clang/11.0.0/lib/darwin/libclang_rt.osx.a]
    arg [/Applications/Xcode.app/Contents/Developer/Toolchains/XcodeDefault.xctoolchain/usr/bin/ld] ==> ignore
    arg [-demangle] ==> ignore
    arg [-lto_library] ==> ignore, skip following value
    arg [/Applications/Xcode.app/Contents/Developer/Toolchains/XcodeDefault.xctoolchain/usr/lib/libLTO.dylib] ==> skip value of -lto_library
    arg [-dynamic] ==> ignore
    arg [-arch] ==> ignore
    arg [x86_64] ==> ignore
    arg [-macosx_version_min] ==> ignore
    arg [10.15.0] ==> ignore
    arg [-syslibroot] ==> ignore
    arg [/Applications/Xcode.app/Contents/Developer/Platforms/MacOSX.platform/Developer/SDKs/MacOSX10.15.sdk] ==> ignore
    arg [-o] ==> ignore
    arg [cmTC_87e63] ==> ignore
    arg [-search_paths_first] ==> ignore
    arg [-headerpad_max_install_names] ==> ignore
    arg [-v] ==> ignore
    arg [CMakeFiles/cmTC_87e63.dir/CMakeCXXCompilerABI.cpp.o] ==> ignore
    arg [-lc++] ==> lib [c++]
    arg [-lSystem] ==> lib [System]
    arg [/Applications/Xcode.app/Contents/Developer/Toolchains/XcodeDefault.xctoolchain/usr/lib/clang/11.0.0/lib/darwin/libclang_rt.osx.a] ==> lib [/Applications/Xcode.app/Contents/Developer/Toolchains/XcodeDefault.xctoolchain/usr/lib/clang/11.0.0/lib/darwin/libclang_rt.osx.a]
  Library search paths: [;/Applications/Xcode.app/Contents/Developer/Platforms/MacOSX.platform/Developer/SDKs/MacOSX10.15.sdk/usr/lib]
  Framework search paths: [;/Applications/Xcode.app/Contents/Developer/Platforms/MacOSX.platform/Developer/SDKs/MacOSX10.15.sdk/System/Library/Frameworks/]
  remove lib [System]
  remove lib [/Applications/Xcode.app/Contents/Developer/Toolchains/XcodeDefault.xctoolchain/usr/lib/clang/11.0.0/lib/darwin/libclang_rt.osx.a]
  collapse library dir [/Applications/Xcode.app/Contents/Developer/Platforms/MacOSX.platform/Developer/SDKs/MacOSX10.15.sdk/usr/lib] ==> [/Applications/Xcode.app/Contents/Developer/Platforms/MacOSX.platform/Developer/SDKs/MacOSX10.15.sdk/usr/lib]
  collapse framework dir [/Applications/Xcode.app/Contents/Developer/Platforms/MacOSX.platform/Developer/SDKs/MacOSX10.15.sdk/System/Library/Frameworks/] ==> [/Applications/Xcode.app/Contents/Developer/Platforms/MacOSX.platform/Developer/SDKs/MacOSX10.15.sdk/System/Library/Frameworks]
  implicit libs: [c++]
  implicit dirs: [/Applications/Xcode.app/Contents/Developer/Platforms/MacOSX.platform/Developer/SDKs/MacOSX10.15.sdk/usr/lib]
  implicit fwks: [/Applications/Xcode.app/Contents/Developer/Platforms/MacOSX.platform/Developer/SDKs/MacOSX10.15.sdk/System/Library/Frameworks]


Compiling the Fortran compiler identification source file "CMakeFortranCompilerId.F" succeeded.
Compiler: /usr/local/bin/gfortran 
Build flags: 
Id flags: -v 

The output was:
0
Driving: /usr/local/bin/gfortran -v CMakeFortranCompilerId.F -mmacosx-version-min=10.15.0 -asm_macosx_version_min=10.15 -l gfortran -shared-libgcc
Using built-in specs.
COLLECT_GCC=/usr/local/bin/gfortran
COLLECT_LTO_WRAPPER=/usr/local/Cellar/gcc/9.2.0_1/libexec/gcc/x86_64-apple-darwin18/9.2.0/lto-wrapper
Target: x86_64-apple-darwin18
Configured with: ../configure --build=x86_64-apple-darwin18 --prefix=/usr/local/Cellar/gcc/9.2.0_1 --libdir=/usr/local/Cellar/gcc/9.2.0_1/lib/gcc/9 --disable-nls --enable-checking=release --enable-languages=c,c++,objc,obj-c++,fortran --program-suffix=-9 --with-gmp=/usr/local/opt/gmp --with-mpfr=/usr/local/opt/mpfr --with-mpc=/usr/local/opt/libmpc --with-isl=/usr/local/opt/isl --with-system-zlib --with-pkgversion='Homebrew GCC 9.2.0_1' --with-bugurl=https://github.com/Homebrew/homebrew-core/issues --disable-multilib --with-native-system-header-dir=/usr/include --with-sysroot=/Library/Developer/CommandLineTools/SDKs/MacOSX.sdk
Thread model: posix
gcc version 9.2.0 (Homebrew GCC 9.2.0_1) 
COLLECT_GCC_OPTIONS='-v' '-mmacosx-version-min=10.15.0' '-asm_macosx_version_min=10.15' '-shared-libgcc' '-mtune=core2'
 /usr/local/Cellar/gcc/9.2.0_1/libexec/gcc/x86_64-apple-darwin18/9.2.0/f951 CMakeFortranCompilerId.F -ffixed-form -cpp=/var/folders/cb/ly7f8x1n48q9lkmqt6c6lyv00000gn/T//ccwZCpSF.f90 -quiet -v -D__DYNAMIC__ CMakeFortranCompilerId.F -fPIC -quiet -dumpbase CMakeFortranCompilerId.F -mmacosx-version-min=10.15.0 -mtune=core2 -auxbase CMakeFortranCompilerId -version -fintrinsic-modules-path /usr/local/Cellar/gcc/9.2.0_1/lib/gcc/9/gcc/x86_64-apple-darwin18/9.2.0/finclude -o /var/folders/cb/ly7f8x1n48q9lkmqt6c6lyv00000gn/T//cc746wHl.s
GNU Fortran (Homebrew GCC 9.2.0_1) version 9.2.0 (x86_64-apple-darwin18)
	compiled by GNU C version 9.2.0, GMP version 6.1.2, MPFR version 4.0.2, MPC version 1.1.0, isl version isl-0.21-GMP

GGC heuristics: --param ggc-min-expand=100 --param ggc-min-heapsize=131072
ignoring nonexistent directory "/Library/Developer/CommandLineTools/SDKs/MacOSX.sdk/usr/local/include"
ignoring nonexistent directory "/usr/local/Cellar/gcc/9.2.0_1/lib/gcc/9/gcc/x86_64-apple-darwin18/9.2.0/../../../../../../x86_64-apple-darwin18/include"
#include "..." search starts here:
#include <...> search starts here:
 /usr/local/Cellar/gcc/9.2.0_1/lib/gcc/9/gcc/x86_64-apple-darwin18/9.2.0/finclude
 /usr/local/Cellar/gcc/9.2.0_1/lib/gcc/9/gcc/x86_64-apple-darwin18/9.2.0/include
 /usr/local/Cellar/gcc/9.2.0_1/lib/gcc/9/gcc/x86_64-apple-darwin18/9.2.0/include-fixed
 /Library/Developer/CommandLineTools/SDKs/MacOSX.sdk/usr/include
End of search list.
GNU Fortran2008 (Homebrew GCC 9.2.0_1) version 9.2.0 (x86_64-apple-darwin18)
	compiled by GNU C version 9.2.0, GMP version 6.1.2, MPFR version 4.0.2, MPC version 1.1.0, isl version isl-0.21-GMP

GGC heuristics: --param ggc-min-expand=100 --param ggc-min-heapsize=131072
COLLECT_GCC_OPTIONS='-v' '-mmacosx-version-min=10.15.0'  '-shared-libgcc' '-mtune=core2'
 as -arch x86_64 -v -force_cpusubtype_ALL -mmacosx-version-min=10.15 -o /var/folders/cb/ly7f8x1n48q9lkmqt6c6lyv00000gn/T//ccg4JxlA.o /var/folders/cb/ly7f8x1n48q9lkmqt6c6lyv00000gn/T//cc746wHl.s
Apple clang version 11.0.0 (clang-1100.0.33.12)
Target: x86_64-apple-darwin19.0.0
Thread model: posix
InstalledDir: /Applications/Xcode.app/Contents/Developer/Toolchains/XcodeDefault.xctoolchain/usr/bin
 "/Applications/Xcode.app/Contents/Developer/Toolchains/XcodeDefault.xctoolchain/usr/bin/clang" -cc1as -triple x86_64-apple-macosx10.15.0 -filetype obj -main-file-name cc746wHl.s -target-cpu penryn -fdebug-compilation-dir /Users/vetlewi/Git_Repositories/development/oslo-method-software/mama/cmake-build-debug/CMakeFiles/3.15.3/CompilerIdFortran -dwarf-debug-producer Apple clang version 11.0.0 (clang-1100.0.33.12) -dwarf-version=4 -mrelocation-model pic -o /var/folders/cb/ly7f8x1n48q9lkmqt6c6lyv00000gn/T//ccg4JxlA.o /var/folders/cb/ly7f8x1n48q9lkmqt6c6lyv00000gn/T//cc746wHl.s
Reading specs from /usr/local/Cellar/gcc/9.2.0_1/lib/gcc/9/gcc/x86_64-apple-darwin18/9.2.0/../../../libgfortran.spec
rename spec lib to liborig
COLLECT_GCC_OPTIONS='-v' '-mmacosx-version-min=10.15.0'  '-shared-libgcc' '-mtune=core2'
COMPILER_PATH=/usr/local/Cellar/gcc/9.2.0_1/libexec/gcc/x86_64-apple-darwin18/9.2.0/:/usr/local/Cellar/gcc/9.2.0_1/libexec/gcc/x86_64-apple-darwin18/9.2.0/:/usr/local/Cellar/gcc/9.2.0_1/libexec/gcc/x86_64-apple-darwin18/:/usr/local/Cellar/gcc/9.2.0_1/lib/gcc/9/gcc/x86_64-apple-darwin18/9.2.0/:/usr/local/Cellar/gcc/9.2.0_1/lib/gcc/9/gcc/x86_64-apple-darwin18/
LIBRARY_PATH=/usr/local/Cellar/gcc/9.2.0_1/lib/gcc/9/gcc/x86_64-apple-darwin18/9.2.0/:/usr/local/Cellar/gcc/9.2.0_1/lib/gcc/9/gcc/x86_64-apple-darwin18/9.2.0/../../../
COLLECT_GCC_OPTIONS='-v' '-mmacosx-version-min=10.15.0'  '-shared-libgcc' '-mtune=core2'
 /usr/local/Cellar/gcc/9.2.0_1/libexec/gcc/x86_64-apple-darwin18/9.2.0/collect2 -syslibroot /Library/Developer/CommandLineTools/SDKs/MacOSX.sdk/ -dynamic -arch x86_64 -macosx_version_min 10.15.0 -weak_reference_mismatches non-weak -o a.out -L/usr/local/Cellar/gcc/9.2.0_1/lib/gcc/9/gcc/x86_64-apple-darwin18/9.2.0 -L/usr/local/Cellar/gcc/9.2.0_1/lib/gcc/9/gcc/x86_64-apple-darwin18/9.2.0/../../.. /var/folders/cb/ly7f8x1n48q9lkmqt6c6lyv00000gn/T//ccg4JxlA.o -lgfortran -no_compact_unwind -lSystem -lgcc_ext.10.5 -lgcc -lquadmath -lm -lgcc_ext.10.5 -lgcc -lSystem -v
collect2 version 9.2.0
/usr/bin/ld -syslibroot /Library/Developer/CommandLineTools/SDKs/MacOSX.sdk/ -dynamic -arch x86_64 -macosx_version_min 10.15.0 -weak_reference_mismatches non-weak -o a.out -L/usr/local/Cellar/gcc/9.2.0_1/lib/gcc/9/gcc/x86_64-apple-darwin18/9.2.0 -L/usr/local/Cellar/gcc/9.2.0_1/lib/gcc/9/gcc/x86_64-apple-darwin18/9.2.0/../../.. /var/folders/cb/ly7f8x1n48q9lkmqt6c6lyv00000gn/T//ccg4JxlA.o -lgfortran -no_compact_unwind -lSystem -lgcc_ext.10.5 -lgcc -lquadmath -lm -lgcc_ext.10.5 -lgcc -lSystem -v
@(#)PROGRAM:ld  PROJECT:ld64-520
BUILD 18:38:01 Oct 11 2019
configured to support archs: armv6 armv7 armv7s arm64 arm64e arm64_32 i386 x86_64 x86_64h armv6m armv7k armv7m armv7em
Library search paths:
	/usr/local/Cellar/gcc/9.2.0_1/lib/gcc/9/gcc/x86_64-apple-darwin18/9.2.0
	/usr/local/Cellar/gcc/9.2.0_1/lib/gcc/9
	/Library/Developer/CommandLineTools/SDKs/MacOSX.sdk/usr/lib
Framework search paths:
	/Library/Developer/CommandLineTools/SDKs/MacOSX.sdk/System/Library/Frameworks/


Compilation of the Fortran compiler identification source "CMakeFortranCompilerId.F" produced "a.out"

The Fortran compiler identification is GNU, found in "/Users/vetlewi/Git_Repositories/development/oslo-method-software/mama/cmake-build-debug/CMakeFiles/3.15.3/CompilerIdFortran/a.out"

Compiling the Fortran compiler identification source file "CMakeFortranCompilerId.F" succeeded.
Compiler: /usr/local/bin/gfortran 
Build flags: 
Id flags: -v 

The output was:
0
Driving: /usr/local/bin/gfortran -v CMakeFortranCompilerId.F -mmacosx-version-min=10.15.0 -asm_macosx_version_min=10.15 -l gfortran -shared-libgcc
Using built-in specs.
COLLECT_GCC=/usr/local/bin/gfortran
COLLECT_LTO_WRAPPER=/usr/local/Cellar/gcc/9.2.0_1/libexec/gcc/x86_64-apple-darwin18/9.2.0/lto-wrapper
Target: x86_64-apple-darwin18
Configured with: ../configure --build=x86_64-apple-darwin18 --prefix=/usr/local/Cellar/gcc/9.2.0_1 --libdir=/usr/local/Cellar/gcc/9.2.0_1/lib/gcc/9 --disable-nls --enable-checking=release --enable-languages=c,c++,objc,obj-c++,fortran --program-suffix=-9 --with-gmp=/usr/local/opt/gmp --with-mpfr=/usr/local/opt/mpfr --with-mpc=/usr/local/opt/libmpc --with-isl=/usr/local/opt/isl --with-system-zlib --with-pkgversion='Homebrew GCC 9.2.0_1' --with-bugurl=https://github.com/Homebrew/homebrew-core/issues --disable-multilib --with-native-system-header-dir=/usr/include --with-sysroot=/Library/Developer/CommandLineTools/SDKs/MacOSX.sdk
Thread model: posix
gcc version 9.2.0 (Homebrew GCC 9.2.0_1) 
COLLECT_GCC_OPTIONS='-v' '-mmacosx-version-min=10.15.0' '-asm_macosx_version_min=10.15' '-shared-libgcc' '-mtune=core2'
 /usr/local/Cellar/gcc/9.2.0_1/libexec/gcc/x86_64-apple-darwin18/9.2.0/f951 CMakeFortranCompilerId.F -ffixed-form -cpp=/var/folders/cb/ly7f8x1n48q9lkmqt6c6lyv00000gn/T//cc4nayfG.f90 -quiet -v -D__DYNAMIC__ CMakeFortranCompilerId.F -fPIC -quiet -dumpbase CMakeFortranCompilerId.F -mmacosx-version-min=10.15.0 -mtune=core2 -auxbase CMakeFortranCompilerId -version -fintrinsic-modules-path /usr/local/Cellar/gcc/9.2.0_1/lib/gcc/9/gcc/x86_64-apple-darwin18/9.2.0/finclude -o /var/folders/cb/ly7f8x1n48q9lkmqt6c6lyv00000gn/T//ccP34sWs.s
GNU Fortran (Homebrew GCC 9.2.0_1) version 9.2.0 (x86_64-apple-darwin18)
	compiled by GNU C version 9.2.0, GMP version 6.1.2, MPFR version 4.0.2, MPC version 1.1.0, isl version isl-0.21-GMP

GGC heuristics: --param ggc-min-expand=100 --param ggc-min-heapsize=131072
ignoring nonexistent directory "/Library/Developer/CommandLineTools/SDKs/MacOSX.sdk/usr/local/include"
ignoring nonexistent directory "/usr/local/Cellar/gcc/9.2.0_1/lib/gcc/9/gcc/x86_64-apple-darwin18/9.2.0/../../../../../../x86_64-apple-darwin18/include"
#include "..." search starts here:
#include <...> search starts here:
 /usr/local/Cellar/gcc/9.2.0_1/lib/gcc/9/gcc/x86_64-apple-darwin18/9.2.0/finclude
 /usr/local/Cellar/gcc/9.2.0_1/lib/gcc/9/gcc/x86_64-apple-darwin18/9.2.0/include
 /usr/local/Cellar/gcc/9.2.0_1/lib/gcc/9/gcc/x86_64-apple-darwin18/9.2.0/include-fixed
 /Library/Developer/CommandLineTools/SDKs/MacOSX.sdk/usr/include
End of search list.
GNU Fortran2008 (Homebrew GCC 9.2.0_1) version 9.2.0 (x86_64-apple-darwin18)
	compiled by GNU C version 9.2.0, GMP version 6.1.2, MPFR version 4.0.2, MPC version 1.1.0, isl version isl-0.21-GMP

GGC heuristics: --param ggc-min-expand=100 --param ggc-min-heapsize=131072
COLLECT_GCC_OPTIONS='-v' '-mmacosx-version-min=10.15.0'  '-shared-libgcc' '-mtune=core2'
 as -arch x86_64 -v -force_cpusubtype_ALL -mmacosx-version-min=10.15 -o /var/folders/cb/ly7f8x1n48q9lkmqt6c6lyv00000gn/T//ccfbVoNh.o /var/folders/cb/ly7f8x1n48q9lkmqt6c6lyv00000gn/T//ccP34sWs.s
Apple clang version 11.0.0 (clang-1100.0.33.12)
Target: x86_64-apple-darwin19.0.0
Thread model: posix
InstalledDir: /Applications/Xcode.app/Contents/Developer/Toolchains/XcodeDefault.xctoolchain/usr/bin
 "/Applications/Xcode.app/Contents/Developer/Toolchains/XcodeDefault.xctoolchain/usr/bin/clang" -cc1as -triple x86_64-apple-macosx10.15.0 -filetype obj -main-file-name ccP34sWs.s -target-cpu penryn -fdebug-compilation-dir /Users/vetlewi/Git_Repositories/development/oslo-method-software/mama/cmake-build-debug/CMakeFiles/3.15.3/CompilerIdFortran -dwarf-debug-producer Apple clang version 11.0.0 (clang-1100.0.33.12) -dwarf-version=4 -mrelocation-model pic -o /var/folders/cb/ly7f8x1n48q9lkmqt6c6lyv00000gn/T//ccfbVoNh.o /var/folders/cb/ly7f8x1n48q9lkmqt6c6lyv00000gn/T//ccP34sWs.s
Reading specs from /usr/local/Cellar/gcc/9.2.0_1/lib/gcc/9/gcc/x86_64-apple-darwin18/9.2.0/../../../libgfortran.spec
rename spec lib to liborig
COLLECT_GCC_OPTIONS='-v' '-mmacosx-version-min=10.15.0'  '-shared-libgcc' '-mtune=core2'
COMPILER_PATH=/usr/local/Cellar/gcc/9.2.0_1/libexec/gcc/x86_64-apple-darwin18/9.2.0/:/usr/local/Cellar/gcc/9.2.0_1/libexec/gcc/x86_64-apple-darwin18/9.2.0/:/usr/local/Cellar/gcc/9.2.0_1/libexec/gcc/x86_64-apple-darwin18/:/usr/local/Cellar/gcc/9.2.0_1/lib/gcc/9/gcc/x86_64-apple-darwin18/9.2.0/:/usr/local/Cellar/gcc/9.2.0_1/lib/gcc/9/gcc/x86_64-apple-darwin18/
LIBRARY_PATH=/usr/local/Cellar/gcc/9.2.0_1/lib/gcc/9/gcc/x86_64-apple-darwin18/9.2.0/:/usr/local/Cellar/gcc/9.2.0_1/lib/gcc/9/gcc/x86_64-apple-darwin18/9.2.0/../../../
COLLECT_GCC_OPTIONS='-v' '-mmacosx-version-min=10.15.0'  '-shared-libgcc' '-mtune=core2'
 /usr/local/Cellar/gcc/9.2.0_1/libexec/gcc/x86_64-apple-darwin18/9.2.0/collect2 -syslibroot /Library/Developer/CommandLineTools/SDKs/MacOSX.sdk/ -dynamic -arch x86_64 -macosx_version_min 10.15.0 -weak_reference_mismatches non-weak -o a.out -L/usr/local/Cellar/gcc/9.2.0_1/lib/gcc/9/gcc/x86_64-apple-darwin18/9.2.0 -L/usr/local/Cellar/gcc/9.2.0_1/lib/gcc/9/gcc/x86_64-apple-darwin18/9.2.0/../../.. /var/folders/cb/ly7f8x1n48q9lkmqt6c6lyv00000gn/T//ccfbVoNh.o -lgfortran -no_compact_unwind -lSystem -lgcc_ext.10.5 -lgcc -lquadmath -lm -lgcc_ext.10.5 -lgcc -lSystem -v
collect2 version 9.2.0
/usr/bin/ld -syslibroot /Library/Developer/CommandLineTools/SDKs/MacOSX.sdk/ -dynamic -arch x86_64 -macosx_version_min 10.15.0 -weak_reference_mismatches non-weak -o a.out -L/usr/local/Cellar/gcc/9.2.0_1/lib/gcc/9/gcc/x86_64-apple-darwin18/9.2.0 -L/usr/local/Cellar/gcc/9.2.0_1/lib/gcc/9/gcc/x86_64-apple-darwin18/9.2.0/../../.. /var/folders/cb/ly7f8x1n48q9lkmqt6c6lyv00000gn/T//ccfbVoNh.o -lgfortran -no_compact_unwind -lSystem -lgcc_ext.10.5 -lgcc -lquadmath -lm -lgcc_ext.10.5 -lgcc -lSystem -v
@(#)PROGRAM:ld  PROJECT:ld64-520
BUILD 18:38:01 Oct 11 2019
configured to support archs: armv6 armv7 armv7s arm64 arm64e arm64_32 i386 x86_64 x86_64h armv6m armv7k armv7m armv7em
Library search paths:
	/usr/local/Cellar/gcc/9.2.0_1/lib/gcc/9/gcc/x86_64-apple-darwin18/9.2.0
	/usr/local/Cellar/gcc/9.2.0_1/lib/gcc/9
	/Library/Developer/CommandLineTools/SDKs/MacOSX.sdk/usr/lib
Framework search paths:
	/Library/Developer/CommandLineTools/SDKs/MacOSX.sdk/System/Library/Frameworks/


Compilation of the Fortran compiler identification source "CMakeFortranCompilerId.F" produced "a.out"

The Fortran compiler identification is GNU, found in "/Users/vetlewi/Git_Repositories/development/oslo-method-software/mama/cmake-build-debug/CMakeFiles/3.15.3/CompilerIdFortran/a.out"

Determining if the Fortran compiler works passed with the following output:
Change Dir: /Users/vetlewi/Git_Repositories/development/oslo-method-software/mama/cmake-build-debug/CMakeFiles/CMakeTmp

Run Build Command(s):/usr/bin/make cmTC_12502/fast && /Applications/Xcode.app/Contents/Developer/usr/bin/make -f CMakeFiles/cmTC_12502.dir/build.make CMakeFiles/cmTC_12502.dir/build
Building Fortran object CMakeFiles/cmTC_12502.dir/testFortranCompiler.f.o
/usr/local/bin/gfortran   -isysroot /Applications/Xcode.app/Contents/Developer/Platforms/MacOSX.platform/Developer/SDKs/MacOSX10.15.sdk   -c /Users/vetlewi/Git_Repositories/development/oslo-method-software/mama/cmake-build-debug/CMakeFiles/CMakeTmp/testFortranCompiler.f -o CMakeFiles/cmTC_12502.dir/testFortranCompiler.f.o
Linking Fortran executable cmTC_12502
"/Users/vetlewi/Library/Application Support/JetBrains/Toolbox/apps/CLion/ch-0/192.7142.39/CLion.app/Contents/bin/cmake/mac/bin/cmake" -E cmake_link_script CMakeFiles/cmTC_12502.dir/link.txt --verbose=1
/usr/local/bin/gfortran      -isysroot /Applications/Xcode.app/Contents/Developer/Platforms/MacOSX.platform/Developer/SDKs/MacOSX10.15.sdk CMakeFiles/cmTC_12502.dir/testFortranCompiler.f.o  -o cmTC_12502 



Detecting Fortran compiler ABI info compiled with the following output:
Change Dir: /Users/vetlewi/Git_Repositories/development/oslo-method-software/mama/cmake-build-debug/CMakeFiles/CMakeTmp

Run Build Command(s):/usr/bin/make cmTC_e3038/fast && /Applications/Xcode.app/Contents/Developer/usr/bin/make -f CMakeFiles/cmTC_e3038.dir/build.make CMakeFiles/cmTC_e3038.dir/build
Building Fortran object CMakeFiles/cmTC_e3038.dir/CMakeFortranCompilerABI.F.o
/usr/local/bin/gfortran   -isysroot /Applications/Xcode.app/Contents/Developer/Platforms/MacOSX.platform/Developer/SDKs/MacOSX10.15.sdk   -v -Wl,-v -c "/Users/vetlewi/Library/Application Support/JetBrains/Toolbox/apps/CLion/ch-0/192.7142.39/CLion.app/Contents/bin/cmake/mac/share/cmake-3.15/Modules/CMakeFortranCompilerABI.F" -o CMakeFiles/cmTC_e3038.dir/CMakeFortranCompilerABI.F.o
Using built-in specs.
COLLECT_GCC=/usr/local/bin/gfortran
Target: x86_64-apple-darwin18
Configured with: ../configure --build=x86_64-apple-darwin18 --prefix=/usr/local/Cellar/gcc/9.2.0_1 --libdir=/usr/local/Cellar/gcc/9.2.0_1/lib/gcc/9 --disable-nls --enable-checking=release --enable-languages=c,c++,objc,obj-c++,fortran --program-suffix=-9 --with-gmp=/usr/local/opt/gmp --with-mpfr=/usr/local/opt/mpfr --with-mpc=/usr/local/opt/libmpc --with-isl=/usr/local/opt/isl --with-system-zlib --with-pkgversion='Homebrew GCC 9.2.0_1' --with-bugurl=https://github.com/Homebrew/homebrew-core/issues --disable-multilib --with-native-system-header-dir=/usr/include --with-sysroot=/Library/Developer/CommandLineTools/SDKs/MacOSX.sdk
Thread model: posix
gcc version 9.2.0 (Homebrew GCC 9.2.0_1) 
COLLECT_GCC_OPTIONS='-isysroot' '/Applications/Xcode.app/Contents/Developer/Platforms/MacOSX.platform/Developer/SDKs/MacOSX10.15.sdk' '-v' '-c' '-o' 'CMakeFiles/cmTC_e3038.dir/CMakeFortranCompilerABI.F.o' '-mmacosx-version-min=10.15.0' '-asm_macosx_version_min=10.15' '-mtune=core2'
 /usr/local/Cellar/gcc/9.2.0_1/libexec/gcc/x86_64-apple-darwin18/9.2.0/f951 /Users/vetlewi/Library/Application Support/JetBrains/Toolbox/apps/CLion/ch-0/192.7142.39/CLion.app/Contents/bin/cmake/mac/share/cmake-3.15/Modules/CMakeFortranCompilerABI.F -ffixed-form -cpp=/var/folders/cb/ly7f8x1n48q9lkmqt6c6lyv00000gn/T//ccrZXO0w.f90 -quiet -v -D__DYNAMIC__ -isysroot /Applications/Xcode.app/Contents/Developer/Platforms/MacOSX.platform/Developer/SDKs/MacOSX10.15.sdk /Users/vetlewi/Library/Application Support/JetBrains/Toolbox/apps/CLion/ch-0/192.7142.39/CLion.app/Contents/bin/cmake/mac/share/cmake-3.15/Modules/CMakeFortranCompilerABI.F -fPIC -quiet -dumpbase CMakeFortranCompilerABI.F -mmacosx-version-min=10.15.0 -mtune=core2 -auxbase-strip CMakeFiles/cmTC_e3038.dir/CMakeFortranCompilerABI.F.o -version -fintrinsic-modules-path /usr/local/Cellar/gcc/9.2.0_1/lib/gcc/9/gcc/x86_64-apple-darwin18/9.2.0/finclude -o /var/folders/cb/ly7f8x1n48q9lkmqt6c6lyv00000gn/T//cclRm7ad.s
GNU Fortran (Homebrew GCC 9.2.0_1) version 9.2.0 (x86_64-apple-darwin18)
	compiled by GNU C version 9.2.0, GMP version 6.1.2, MPFR version 4.0.2, MPC version 1.1.0, isl version isl-0.21-GMP

GGC heuristics: --param ggc-min-expand=100 --param ggc-min-heapsize=131072
ignoring nonexistent directory "/Applications/Xcode.app/Contents/Developer/Platforms/MacOSX.platform/Developer/SDKs/MacOSX10.15.sdk/usr/local/include"
ignoring nonexistent directory "/usr/local/Cellar/gcc/9.2.0_1/lib/gcc/9/gcc/x86_64-apple-darwin18/9.2.0/../../../../../../x86_64-apple-darwin18/include"
#include "..." search starts here:
#include <...> search starts here:
 /usr/local/Cellar/gcc/9.2.0_1/lib/gcc/9/gcc/x86_64-apple-darwin18/9.2.0/finclude
 /usr/local/Cellar/gcc/9.2.0_1/lib/gcc/9/gcc/x86_64-apple-darwin18/9.2.0/include
 /usr/local/Cellar/gcc/9.2.0_1/lib/gcc/9/gcc/x86_64-apple-darwin18/9.2.0/include-fixed
 /Applications/Xcode.app/Contents/Developer/Platforms/MacOSX.platform/Developer/SDKs/MacOSX10.15.sdk/usr/include
End of search list.
GNU Fortran2008 (Homebrew GCC 9.2.0_1) version 9.2.0 (x86_64-apple-darwin18)
	compiled by GNU C version 9.2.0, GMP version 6.1.2, MPFR version 4.0.2, MPC version 1.1.0, isl version isl-0.21-GMP

GGC heuristics: --param ggc-min-expand=100 --param ggc-min-heapsize=131072
COLLECT_GCC_OPTIONS='-isysroot' '/Applications/Xcode.app/Contents/Developer/Platforms/MacOSX.platform/Developer/SDKs/MacOSX10.15.sdk' '-v' '-c' '-o' 'CMakeFiles/cmTC_e3038.dir/CMakeFortranCompilerABI.F.o' '-mmacosx-version-min=10.15.0'  '-mtune=core2'
 as -arch x86_64 -v -force_cpusubtype_ALL -mmacosx-version-min=10.15 -o CMakeFiles/cmTC_e3038.dir/CMakeFortranCompilerABI.F.o /var/folders/cb/ly7f8x1n48q9lkmqt6c6lyv00000gn/T//cclRm7ad.s
Apple clang version 11.0.0 (clang-1100.0.33.12)
Target: x86_64-apple-darwin19.0.0
Thread model: posix
InstalledDir: /Applications/Xcode.app/Contents/Developer/Toolchains/XcodeDefault.xctoolchain/usr/bin
 "/Applications/Xcode.app/Contents/Developer/Toolchains/XcodeDefault.xctoolchain/usr/bin/clang" -cc1as -triple x86_64-apple-macosx10.15.0 -filetype obj -main-file-name cclRm7ad.s -target-cpu penryn -fdebug-compilation-dir /Users/vetlewi/Git_Repositories/development/oslo-method-software/mama/cmake-build-debug/CMakeFiles/CMakeTmp -dwarf-debug-producer Apple clang version 11.0.0 (clang-1100.0.33.12) -dwarf-version=4 -mrelocation-model pic -o CMakeFiles/cmTC_e3038.dir/CMakeFortranCompilerABI.F.o /var/folders/cb/ly7f8x1n48q9lkmqt6c6lyv00000gn/T//cclRm7ad.s
COMPILER_PATH=/usr/local/Cellar/gcc/9.2.0_1/libexec/gcc/x86_64-apple-darwin18/9.2.0/:/usr/local/Cellar/gcc/9.2.0_1/libexec/gcc/x86_64-apple-darwin18/9.2.0/:/usr/local/Cellar/gcc/9.2.0_1/libexec/gcc/x86_64-apple-darwin18/:/usr/local/Cellar/gcc/9.2.0_1/lib/gcc/9/gcc/x86_64-apple-darwin18/9.2.0/:/usr/local/Cellar/gcc/9.2.0_1/lib/gcc/9/gcc/x86_64-apple-darwin18/
LIBRARY_PATH=/usr/local/Cellar/gcc/9.2.0_1/lib/gcc/9/gcc/x86_64-apple-darwin18/9.2.0/:/usr/local/Cellar/gcc/9.2.0_1/lib/gcc/9/gcc/x86_64-apple-darwin18/9.2.0/../../../
COLLECT_GCC_OPTIONS='-isysroot' '/Applications/Xcode.app/Contents/Developer/Platforms/MacOSX.platform/Developer/SDKs/MacOSX10.15.sdk' '-v' '-c' '-o' 'CMakeFiles/cmTC_e3038.dir/CMakeFortranCompilerABI.F.o' '-mmacosx-version-min=10.15.0'  '-mtune=core2'
Linking Fortran executable cmTC_e3038
"/Users/vetlewi/Library/Application Support/JetBrains/Toolbox/apps/CLion/ch-0/192.7142.39/CLion.app/Contents/bin/cmake/mac/bin/cmake" -E cmake_link_script CMakeFiles/cmTC_e3038.dir/link.txt --verbose=1
/usr/local/bin/gfortran   -v -Wl,-v   -isysroot /Applications/Xcode.app/Contents/Developer/Platforms/MacOSX.platform/Developer/SDKs/MacOSX10.15.sdk CMakeFiles/cmTC_e3038.dir/CMakeFortranCompilerABI.F.o  -o cmTC_e3038 
Driving: /usr/local/bin/gfortran -v -Wl,-v -isysroot /Applications/Xcode.app/Contents/Developer/Platforms/MacOSX.platform/Developer/SDKs/MacOSX10.15.sdk CMakeFiles/cmTC_e3038.dir/CMakeFortranCompilerABI.F.o -o cmTC_e3038 -mmacosx-version-min=10.15.0 -asm_macosx_version_min=10.15 -l gfortran -shared-libgcc
Using built-in specs.
COLLECT_GCC=/usr/local/bin/gfortran
COLLECT_LTO_WRAPPER=/usr/local/Cellar/gcc/9.2.0_1/libexec/gcc/x86_64-apple-darwin18/9.2.0/lto-wrapper
Target: x86_64-apple-darwin18
Configured with: ../configure --build=x86_64-apple-darwin18 --prefix=/usr/local/Cellar/gcc/9.2.0_1 --libdir=/usr/local/Cellar/gcc/9.2.0_1/lib/gcc/9 --disable-nls --enable-checking=release --enable-languages=c,c++,objc,obj-c++,fortran --program-suffix=-9 --with-gmp=/usr/local/opt/gmp --with-mpfr=/usr/local/opt/mpfr --with-mpc=/usr/local/opt/libmpc --with-isl=/usr/local/opt/isl --with-system-zlib --with-pkgversion='Homebrew GCC 9.2.0_1' --with-bugurl=https://github.com/Homebrew/homebrew-core/issues --disable-multilib --with-native-system-header-dir=/usr/include --with-sysroot=/Library/Developer/CommandLineTools/SDKs/MacOSX.sdk
Thread model: posix
gcc version 9.2.0 (Homebrew GCC 9.2.0_1) 
Reading specs from /usr/local/Cellar/gcc/9.2.0_1/lib/gcc/9/gcc/x86_64-apple-darwin18/9.2.0/../../../libgfortran.spec
rename spec lib to liborig
COLLECT_GCC_OPTIONS='-v' '-isysroot' '/Applications/Xcode.app/Contents/Developer/Platforms/MacOSX.platform/Developer/SDKs/MacOSX10.15.sdk' '-o' 'cmTC_e3038' '-mmacosx-version-min=10.15.0' '-asm_macosx_version_min=10.15' '-shared-libgcc' '-mtune=core2'
COMPILER_PATH=/usr/local/Cellar/gcc/9.2.0_1/libexec/gcc/x86_64-apple-darwin18/9.2.0/:/usr/local/Cellar/gcc/9.2.0_1/libexec/gcc/x86_64-apple-darwin18/9.2.0/:/usr/local/Cellar/gcc/9.2.0_1/libexec/gcc/x86_64-apple-darwin18/:/usr/local/Cellar/gcc/9.2.0_1/lib/gcc/9/gcc/x86_64-apple-darwin18/9.2.0/:/usr/local/Cellar/gcc/9.2.0_1/lib/gcc/9/gcc/x86_64-apple-darwin18/
LIBRARY_PATH=/usr/local/Cellar/gcc/9.2.0_1/lib/gcc/9/gcc/x86_64-apple-darwin18/9.2.0/:/usr/local/Cellar/gcc/9.2.0_1/lib/gcc/9/gcc/x86_64-apple-darwin18/9.2.0/../../../
COLLECT_GCC_OPTIONS='-v' '-isysroot' '/Applications/Xcode.app/Contents/Developer/Platforms/MacOSX.platform/Developer/SDKs/MacOSX10.15.sdk' '-o' 'cmTC_e3038' '-mmacosx-version-min=10.15.0' '-asm_macosx_version_min=10.15' '-shared-libgcc' '-mtune=core2'
 /usr/local/Cellar/gcc/9.2.0_1/libexec/gcc/x86_64-apple-darwin18/9.2.0/collect2 -dynamic -arch x86_64 -macosx_version_min 10.15.0 -syslibroot /Applications/Xcode.app/Contents/Developer/Platforms/MacOSX.platform/Developer/SDKs/MacOSX10.15.sdk -weak_reference_mismatches non-weak -o cmTC_e3038 -L/usr/local/Cellar/gcc/9.2.0_1/lib/gcc/9/gcc/x86_64-apple-darwin18/9.2.0 -L/usr/local/Cellar/gcc/9.2.0_1/lib/gcc/9/gcc/x86_64-apple-darwin18/9.2.0/../../.. -v CMakeFiles/cmTC_e3038.dir/CMakeFortranCompilerABI.F.o -lgfortran -no_compact_unwind -lSystem -lgcc_ext.10.5 -lgcc -lquadmath -lm -lgcc_ext.10.5 -lgcc -lSystem -v
collect2 version 9.2.0
/usr/bin/ld -dynamic -arch x86_64 -macosx_version_min 10.15.0 -syslibroot /Applications/Xcode.app/Contents/Developer/Platforms/MacOSX.platform/Developer/SDKs/MacOSX10.15.sdk -weak_reference_mismatches non-weak -o cmTC_e3038 -L/usr/local/Cellar/gcc/9.2.0_1/lib/gcc/9/gcc/x86_64-apple-darwin18/9.2.0 -L/usr/local/Cellar/gcc/9.2.0_1/lib/gcc/9/gcc/x86_64-apple-darwin18/9.2.0/../../.. -v CMakeFiles/cmTC_e3038.dir/CMakeFortranCompilerABI.F.o -lgfortran -no_compact_unwind -lSystem -lgcc_ext.10.5 -lgcc -lquadmath -lm -lgcc_ext.10.5 -lgcc -lSystem -v
@(#)PROGRAM:ld  PROJECT:ld64-520
BUILD 18:38:01 Oct 11 2019
configured to support archs: armv6 armv7 armv7s arm64 arm64e arm64_32 i386 x86_64 x86_64h armv6m armv7k armv7m armv7em
@(#)PROGRAM:ld  PROJECT:ld64-520
BUILD 18:38:01 Oct 11 2019
configured to support archs: armv6 armv7 armv7s arm64 arm64e arm64_32 i386 x86_64 x86_64h armv6m armv7k armv7m armv7em
Library search paths:
	/usr/local/Cellar/gcc/9.2.0_1/lib/gcc/9/gcc/x86_64-apple-darwin18/9.2.0
	/usr/local/Cellar/gcc/9.2.0_1/lib/gcc/9
	/Applications/Xcode.app/Contents/Developer/Platforms/MacOSX.platform/Developer/SDKs/MacOSX10.15.sdk/usr/lib
Framework search paths:
	/Applications/Xcode.app/Contents/Developer/Platforms/MacOSX.platform/Developer/SDKs/MacOSX10.15.sdk/System/Library/Frameworks/



Parsed Fortran implicit include dir info from above output: rv=done
  found start of include info
  found start of implicit include info
    add: [/usr/local/Cellar/gcc/9.2.0_1/lib/gcc/9/gcc/x86_64-apple-darwin18/9.2.0/finclude]
    add: [/usr/local/Cellar/gcc/9.2.0_1/lib/gcc/9/gcc/x86_64-apple-darwin18/9.2.0/include]
    add: [/usr/local/Cellar/gcc/9.2.0_1/lib/gcc/9/gcc/x86_64-apple-darwin18/9.2.0/include-fixed]
    add: [/Applications/Xcode.app/Contents/Developer/Platforms/MacOSX.platform/Developer/SDKs/MacOSX10.15.sdk/usr/include]
  end of search list found
  collapse include dir [/usr/local/Cellar/gcc/9.2.0_1/lib/gcc/9/gcc/x86_64-apple-darwin18/9.2.0/finclude] ==> [/usr/local/Cellar/gcc/9.2.0_1/lib/gcc/9/gcc/x86_64-apple-darwin18/9.2.0/finclude]
  collapse include dir [/usr/local/Cellar/gcc/9.2.0_1/lib/gcc/9/gcc/x86_64-apple-darwin18/9.2.0/include] ==> [/usr/local/Cellar/gcc/9.2.0_1/lib/gcc/9/gcc/x86_64-apple-darwin18/9.2.0/include]
  collapse include dir [/usr/local/Cellar/gcc/9.2.0_1/lib/gcc/9/gcc/x86_64-apple-darwin18/9.2.0/include-fixed] ==> [/usr/local/Cellar/gcc/9.2.0_1/lib/gcc/9/gcc/x86_64-apple-darwin18/9.2.0/include-fixed]
  collapse include dir [/Applications/Xcode.app/Contents/Developer/Platforms/MacOSX.platform/Developer/SDKs/MacOSX10.15.sdk/usr/include] ==> [/Applications/Xcode.app/Contents/Developer/Platforms/MacOSX.platform/Developer/SDKs/MacOSX10.15.sdk/usr/include]
  implicit include dirs: [/usr/local/Cellar/gcc/9.2.0_1/lib/gcc/9/gcc/x86_64-apple-darwin18/9.2.0/finclude;/usr/local/Cellar/gcc/9.2.0_1/lib/gcc/9/gcc/x86_64-apple-darwin18/9.2.0/include;/usr/local/Cellar/gcc/9.2.0_1/lib/gcc/9/gcc/x86_64-apple-darwin18/9.2.0/include-fixed;/Applications/Xcode.app/Contents/Developer/Platforms/MacOSX.platform/Developer/SDKs/MacOSX10.15.sdk/usr/include]


Parsed Fortran implicit link information from above output:
  link line regex: [^( *|.*[/\])(ld|CMAKE_LINK_STARTFILE-NOTFOUND|([^/\]+-)?ld|collect2)[^/\]*( |$)]
  ignore line: [Change Dir: /Users/vetlewi/Git_Repositories/development/oslo-method-software/mama/cmake-build-debug/CMakeFiles/CMakeTmp]
  ignore line: []
  ignore line: [Run Build Command(s):/usr/bin/make cmTC_e3038/fast && /Applications/Xcode.app/Contents/Developer/usr/bin/make -f CMakeFiles/cmTC_e3038.dir/build.make CMakeFiles/cmTC_e3038.dir/build]
  ignore line: [Building Fortran object CMakeFiles/cmTC_e3038.dir/CMakeFortranCompilerABI.F.o]
  ignore line: [/usr/local/bin/gfortran   -isysroot /Applications/Xcode.app/Contents/Developer/Platforms/MacOSX.platform/Developer/SDKs/MacOSX10.15.sdk   -v -Wl,-v -c "/Users/vetlewi/Library/Application Support/JetBrains/Toolbox/apps/CLion/ch-0/192.7142.39/CLion.app/Contents/bin/cmake/mac/share/cmake-3.15/Modules/CMakeFortranCompilerABI.F" -o CMakeFiles/cmTC_e3038.dir/CMakeFortranCompilerABI.F.o]
  ignore line: [Using built-in specs.]
  ignore line: [COLLECT_GCC=/usr/local/bin/gfortran]
  ignore line: [Target: x86_64-apple-darwin18]
  ignore line: [Configured with: ../configure --build=x86_64-apple-darwin18 --prefix=/usr/local/Cellar/gcc/9.2.0_1 --libdir=/usr/local/Cellar/gcc/9.2.0_1/lib/gcc/9 --disable-nls --enable-checking=release --enable-languages=c,c++,objc,obj-c++,fortran --program-suffix=-9 --with-gmp=/usr/local/opt/gmp --with-mpfr=/usr/local/opt/mpfr --with-mpc=/usr/local/opt/libmpc --with-isl=/usr/local/opt/isl --with-system-zlib --with-pkgversion='Homebrew GCC 9.2.0_1' --with-bugurl=https://github.com/Homebrew/homebrew-core/issues --disable-multilib --with-native-system-header-dir=/usr/include --with-sysroot=/Library/Developer/CommandLineTools/SDKs/MacOSX.sdk]
  ignore line: [Thread model: posix]
  ignore line: [gcc version 9.2.0 (Homebrew GCC 9.2.0_1) ]
  ignore line: [COLLECT_GCC_OPTIONS='-isysroot' '/Applications/Xcode.app/Contents/Developer/Platforms/MacOSX.platform/Developer/SDKs/MacOSX10.15.sdk' '-v' '-c' '-o' 'CMakeFiles/cmTC_e3038.dir/CMakeFortranCompilerABI.F.o' '-mmacosx-version-min=10.15.0' '-asm_macosx_version_min=10.15' '-mtune=core2']
  ignore line: [ /usr/local/Cellar/gcc/9.2.0_1/libexec/gcc/x86_64-apple-darwin18/9.2.0/f951 /Users/vetlewi/Library/Application Support/JetBrains/Toolbox/apps/CLion/ch-0/192.7142.39/CLion.app/Contents/bin/cmake/mac/share/cmake-3.15/Modules/CMakeFortranCompilerABI.F -ffixed-form -cpp=/var/folders/cb/ly7f8x1n48q9lkmqt6c6lyv00000gn/T//ccrZXO0w.f90 -quiet -v -D__DYNAMIC__ -isysroot /Applications/Xcode.app/Contents/Developer/Platforms/MacOSX.platform/Developer/SDKs/MacOSX10.15.sdk /Users/vetlewi/Library/Application Support/JetBrains/Toolbox/apps/CLion/ch-0/192.7142.39/CLion.app/Contents/bin/cmake/mac/share/cmake-3.15/Modules/CMakeFortranCompilerABI.F -fPIC -quiet -dumpbase CMakeFortranCompilerABI.F -mmacosx-version-min=10.15.0 -mtune=core2 -auxbase-strip CMakeFiles/cmTC_e3038.dir/CMakeFortranCompilerABI.F.o -version -fintrinsic-modules-path /usr/local/Cellar/gcc/9.2.0_1/lib/gcc/9/gcc/x86_64-apple-darwin18/9.2.0/finclude -o /var/folders/cb/ly7f8x1n48q9lkmqt6c6lyv00000gn/T//cclRm7ad.s]
  ignore line: [GNU Fortran (Homebrew GCC 9.2.0_1) version 9.2.0 (x86_64-apple-darwin18)]
  ignore line: [	compiled by GNU C version 9.2.0, GMP version 6.1.2, MPFR version 4.0.2, MPC version 1.1.0, isl version isl-0.21-GMP]
  ignore line: []
  ignore line: [GGC heuristics: --param ggc-min-expand=100 --param ggc-min-heapsize=131072]
  ignore line: [ignoring nonexistent directory "/Applications/Xcode.app/Contents/Developer/Platforms/MacOSX.platform/Developer/SDKs/MacOSX10.15.sdk/usr/local/include"]
  ignore line: [ignoring nonexistent directory "/usr/local/Cellar/gcc/9.2.0_1/lib/gcc/9/gcc/x86_64-apple-darwin18/9.2.0/../../../../../../x86_64-apple-darwin18/include"]
  ignore line: [#include "..." search starts here:]
  ignore line: [#include <...> search starts here:]
  ignore line: [ /usr/local/Cellar/gcc/9.2.0_1/lib/gcc/9/gcc/x86_64-apple-darwin18/9.2.0/finclude]
  ignore line: [ /usr/local/Cellar/gcc/9.2.0_1/lib/gcc/9/gcc/x86_64-apple-darwin18/9.2.0/include]
  ignore line: [ /usr/local/Cellar/gcc/9.2.0_1/lib/gcc/9/gcc/x86_64-apple-darwin18/9.2.0/include-fixed]
  ignore line: [ /Applications/Xcode.app/Contents/Developer/Platforms/MacOSX.platform/Developer/SDKs/MacOSX10.15.sdk/usr/include]
  ignore line: [End of search list.]
  ignore line: [GNU Fortran2008 (Homebrew GCC 9.2.0_1) version 9.2.0 (x86_64-apple-darwin18)]
  ignore line: [	compiled by GNU C version 9.2.0, GMP version 6.1.2, MPFR version 4.0.2, MPC version 1.1.0, isl version isl-0.21-GMP]
  ignore line: []
  ignore line: [GGC heuristics: --param ggc-min-expand=100 --param ggc-min-heapsize=131072]
  ignore line: [COLLECT_GCC_OPTIONS='-isysroot' '/Applications/Xcode.app/Contents/Developer/Platforms/MacOSX.platform/Developer/SDKs/MacOSX10.15.sdk' '-v' '-c' '-o' 'CMakeFiles/cmTC_e3038.dir/CMakeFortranCompilerABI.F.o' '-mmacosx-version-min=10.15.0'  '-mtune=core2']
  ignore line: [ as -arch x86_64 -v -force_cpusubtype_ALL -mmacosx-version-min=10.15 -o CMakeFiles/cmTC_e3038.dir/CMakeFortranCompilerABI.F.o /var/folders/cb/ly7f8x1n48q9lkmqt6c6lyv00000gn/T//cclRm7ad.s]
  ignore line: [Apple clang version 11.0.0 (clang-1100.0.33.12)]
  ignore line: [Target: x86_64-apple-darwin19.0.0]
  ignore line: [Thread model: posix]
  ignore line: [InstalledDir: /Applications/Xcode.app/Contents/Developer/Toolchains/XcodeDefault.xctoolchain/usr/bin]
  ignore line: [ "/Applications/Xcode.app/Contents/Developer/Toolchains/XcodeDefault.xctoolchain/usr/bin/clang" -cc1as -triple x86_64-apple-macosx10.15.0 -filetype obj -main-file-name cclRm7ad.s -target-cpu penryn -fdebug-compilation-dir /Users/vetlewi/Git_Repositories/development/oslo-method-software/mama/cmake-build-debug/CMakeFiles/CMakeTmp -dwarf-debug-producer Apple clang version 11.0.0 (clang-1100.0.33.12) -dwarf-version=4 -mrelocation-model pic -o CMakeFiles/cmTC_e3038.dir/CMakeFortranCompilerABI.F.o /var/folders/cb/ly7f8x1n48q9lkmqt6c6lyv00000gn/T//cclRm7ad.s]
  ignore line: [COMPILER_PATH=/usr/local/Cellar/gcc/9.2.0_1/libexec/gcc/x86_64-apple-darwin18/9.2.0/:/usr/local/Cellar/gcc/9.2.0_1/libexec/gcc/x86_64-apple-darwin18/9.2.0/:/usr/local/Cellar/gcc/9.2.0_1/libexec/gcc/x86_64-apple-darwin18/:/usr/local/Cellar/gcc/9.2.0_1/lib/gcc/9/gcc/x86_64-apple-darwin18/9.2.0/:/usr/local/Cellar/gcc/9.2.0_1/lib/gcc/9/gcc/x86_64-apple-darwin18/]
  ignore line: [LIBRARY_PATH=/usr/local/Cellar/gcc/9.2.0_1/lib/gcc/9/gcc/x86_64-apple-darwin18/9.2.0/:/usr/local/Cellar/gcc/9.2.0_1/lib/gcc/9/gcc/x86_64-apple-darwin18/9.2.0/../../../]
  ignore line: [COLLECT_GCC_OPTIONS='-isysroot' '/Applications/Xcode.app/Contents/Developer/Platforms/MacOSX.platform/Developer/SDKs/MacOSX10.15.sdk' '-v' '-c' '-o' 'CMakeFiles/cmTC_e3038.dir/CMakeFortranCompilerABI.F.o' '-mmacosx-version-min=10.15.0'  '-mtune=core2']
  ignore line: [Linking Fortran executable cmTC_e3038]
  ignore line: ["/Users/vetlewi/Library/Application Support/JetBrains/Toolbox/apps/CLion/ch-0/192.7142.39/CLion.app/Contents/bin/cmake/mac/bin/cmake" -E cmake_link_script CMakeFiles/cmTC_e3038.dir/link.txt --verbose=1]
  ignore line: [/usr/local/bin/gfortran   -v -Wl,-v   -isysroot /Applications/Xcode.app/Contents/Developer/Platforms/MacOSX.platform/Developer/SDKs/MacOSX10.15.sdk CMakeFiles/cmTC_e3038.dir/CMakeFortranCompilerABI.F.o  -o cmTC_e3038 ]
  ignore line: [Driving: /usr/local/bin/gfortran -v -Wl,-v -isysroot /Applications/Xcode.app/Contents/Developer/Platforms/MacOSX.platform/Developer/SDKs/MacOSX10.15.sdk CMakeFiles/cmTC_e3038.dir/CMakeFortranCompilerABI.F.o -o cmTC_e3038 -mmacosx-version-min=10.15.0 -asm_macosx_version_min=10.15 -l gfortran -shared-libgcc]
  ignore line: [Using built-in specs.]
  ignore line: [COLLECT_GCC=/usr/local/bin/gfortran]
  ignore line: [COLLECT_LTO_WRAPPER=/usr/local/Cellar/gcc/9.2.0_1/libexec/gcc/x86_64-apple-darwin18/9.2.0/lto-wrapper]
  ignore line: [Target: x86_64-apple-darwin18]
  ignore line: [Configured with: ../configure --build=x86_64-apple-darwin18 --prefix=/usr/local/Cellar/gcc/9.2.0_1 --libdir=/usr/local/Cellar/gcc/9.2.0_1/lib/gcc/9 --disable-nls --enable-checking=release --enable-languages=c,c++,objc,obj-c++,fortran --program-suffix=-9 --with-gmp=/usr/local/opt/gmp --with-mpfr=/usr/local/opt/mpfr --with-mpc=/usr/local/opt/libmpc --with-isl=/usr/local/opt/isl --with-system-zlib --with-pkgversion='Homebrew GCC 9.2.0_1' --with-bugurl=https://github.com/Homebrew/homebrew-core/issues --disable-multilib --with-native-system-header-dir=/usr/include --with-sysroot=/Library/Developer/CommandLineTools/SDKs/MacOSX.sdk]
  ignore line: [Thread model: posix]
  ignore line: [gcc version 9.2.0 (Homebrew GCC 9.2.0_1) ]
  ignore line: [Reading specs from /usr/local/Cellar/gcc/9.2.0_1/lib/gcc/9/gcc/x86_64-apple-darwin18/9.2.0/../../../libgfortran.spec]
  ignore line: [rename spec lib to liborig]
  ignore line: [COLLECT_GCC_OPTIONS='-v' '-isysroot' '/Applications/Xcode.app/Contents/Developer/Platforms/MacOSX.platform/Developer/SDKs/MacOSX10.15.sdk' '-o' 'cmTC_e3038' '-mmacosx-version-min=10.15.0' '-asm_macosx_version_min=10.15' '-shared-libgcc' '-mtune=core2']
  ignore line: [COMPILER_PATH=/usr/local/Cellar/gcc/9.2.0_1/libexec/gcc/x86_64-apple-darwin18/9.2.0/:/usr/local/Cellar/gcc/9.2.0_1/libexec/gcc/x86_64-apple-darwin18/9.2.0/:/usr/local/Cellar/gcc/9.2.0_1/libexec/gcc/x86_64-apple-darwin18/:/usr/local/Cellar/gcc/9.2.0_1/lib/gcc/9/gcc/x86_64-apple-darwin18/9.2.0/:/usr/local/Cellar/gcc/9.2.0_1/lib/gcc/9/gcc/x86_64-apple-darwin18/]
  ignore line: [LIBRARY_PATH=/usr/local/Cellar/gcc/9.2.0_1/lib/gcc/9/gcc/x86_64-apple-darwin18/9.2.0/:/usr/local/Cellar/gcc/9.2.0_1/lib/gcc/9/gcc/x86_64-apple-darwin18/9.2.0/../../../]
  ignore line: [COLLECT_GCC_OPTIONS='-v' '-isysroot' '/Applications/Xcode.app/Contents/Developer/Platforms/MacOSX.platform/Developer/SDKs/MacOSX10.15.sdk' '-o' 'cmTC_e3038' '-mmacosx-version-min=10.15.0' '-asm_macosx_version_min=10.15' '-shared-libgcc' '-mtune=core2']
  link line: [ /usr/local/Cellar/gcc/9.2.0_1/libexec/gcc/x86_64-apple-darwin18/9.2.0/collect2 -dynamic -arch x86_64 -macosx_version_min 10.15.0 -syslibroot /Applications/Xcode.app/Contents/Developer/Platforms/MacOSX.platform/Developer/SDKs/MacOSX10.15.sdk -weak_reference_mismatches non-weak -o cmTC_e3038 -L/usr/local/Cellar/gcc/9.2.0_1/lib/gcc/9/gcc/x86_64-apple-darwin18/9.2.0 -L/usr/local/Cellar/gcc/9.2.0_1/lib/gcc/9/gcc/x86_64-apple-darwin18/9.2.0/../../.. -v CMakeFiles/cmTC_e3038.dir/CMakeFortranCompilerABI.F.o -lgfortran -no_compact_unwind -lSystem -lgcc_ext.10.5 -lgcc -lquadmath -lm -lgcc_ext.10.5 -lgcc -lSystem -v]
    arg [/usr/local/Cellar/gcc/9.2.0_1/libexec/gcc/x86_64-apple-darwin18/9.2.0/collect2] ==> ignore
    arg [-dynamic] ==> ignore
    arg [-arch] ==> ignore
    arg [x86_64] ==> ignore
    arg [-macosx_version_min] ==> ignore
    arg [10.15.0] ==> ignore
    arg [-syslibroot] ==> ignore
    arg [/Applications/Xcode.app/Contents/Developer/Platforms/MacOSX.platform/Developer/SDKs/MacOSX10.15.sdk] ==> ignore
    arg [-weak_reference_mismatches] ==> ignore
    arg [non-weak] ==> ignore
    arg [-o] ==> ignore
    arg [cmTC_e3038] ==> ignore
    arg [-L/usr/local/Cellar/gcc/9.2.0_1/lib/gcc/9/gcc/x86_64-apple-darwin18/9.2.0] ==> dir [/usr/local/Cellar/gcc/9.2.0_1/lib/gcc/9/gcc/x86_64-apple-darwin18/9.2.0]
    arg [-L/usr/local/Cellar/gcc/9.2.0_1/lib/gcc/9/gcc/x86_64-apple-darwin18/9.2.0/../../..] ==> dir [/usr/local/Cellar/gcc/9.2.0_1/lib/gcc/9/gcc/x86_64-apple-darwin18/9.2.0/../../..]
    arg [-v] ==> ignore
    arg [CMakeFiles/cmTC_e3038.dir/CMakeFortranCompilerABI.F.o] ==> ignore
    arg [-lgfortran] ==> lib [gfortran]
    arg [-no_compact_unwind] ==> ignore
    arg [-lSystem] ==> lib [System]
    arg [-lgcc_ext.10.5] ==> lib [gcc_ext.10.5]
    arg [-lgcc] ==> lib [gcc]
    arg [-lquadmath] ==> lib [quadmath]
    arg [-lm] ==> lib [m]
    arg [-lgcc_ext.10.5] ==> lib [gcc_ext.10.5]
    arg [-lgcc] ==> lib [gcc]
    arg [-lSystem] ==> lib [System]
    arg [-v] ==> ignore
  Library search paths: [;/usr/local/Cellar/gcc/9.2.0_1/lib/gcc/9/gcc/x86_64-apple-darwin18/9.2.0;/usr/local/Cellar/gcc/9.2.0_1/lib/gcc/9;/Applications/Xcode.app/Contents/Developer/Platforms/MacOSX.platform/Developer/SDKs/MacOSX10.15.sdk/usr/lib]
  Framework search paths: [;/Applications/Xcode.app/Contents/Developer/Platforms/MacOSX.platform/Developer/SDKs/MacOSX10.15.sdk/System/Library/Frameworks/]
  remove lib [System]
  remove lib [System]
  collapse library dir [/usr/local/Cellar/gcc/9.2.0_1/lib/gcc/9/gcc/x86_64-apple-darwin18/9.2.0] ==> [/usr/local/Cellar/gcc/9.2.0_1/lib/gcc/9/gcc/x86_64-apple-darwin18/9.2.0]
  collapse library dir [/usr/local/Cellar/gcc/9.2.0_1/lib/gcc/9/gcc/x86_64-apple-darwin18/9.2.0/../../..] ==> [/usr/local/Cellar/gcc/9.2.0_1/lib/gcc/9]
  collapse library dir [/usr/local/Cellar/gcc/9.2.0_1/lib/gcc/9/gcc/x86_64-apple-darwin18/9.2.0] ==> [/usr/local/Cellar/gcc/9.2.0_1/lib/gcc/9/gcc/x86_64-apple-darwin18/9.2.0]
  collapse library dir [/usr/local/Cellar/gcc/9.2.0_1/lib/gcc/9] ==> [/usr/local/Cellar/gcc/9.2.0_1/lib/gcc/9]
  collapse library dir [/Applications/Xcode.app/Contents/Developer/Platforms/MacOSX.platform/Developer/SDKs/MacOSX10.15.sdk/usr/lib] ==> [/Applications/Xcode.app/Contents/Developer/Platforms/MacOSX.platform/Developer/SDKs/MacOSX10.15.sdk/usr/lib]
  collapse framework dir [/Applications/Xcode.app/Contents/Developer/Platforms/MacOSX.platform/Developer/SDKs/MacOSX10.15.sdk/System/Library/Frameworks/] ==> [/Applications/Xcode.app/Contents/Developer/Platforms/MacOSX.platform/Developer/SDKs/MacOSX10.15.sdk/System/Library/Frameworks]
  implicit libs: [gfortran;gcc_ext.10.5;gcc;quadmath;m;gcc_ext.10.5;gcc]
  implicit dirs: [/usr/local/Cellar/gcc/9.2.0_1/lib/gcc/9/gcc/x86_64-apple-darwin18/9.2.0;/usr/local/Cellar/gcc/9.2.0_1/lib/gcc/9;/Applications/Xcode.app/Contents/Developer/Platforms/MacOSX.platform/Developer/SDKs/MacOSX10.15.sdk/usr/lib]
  implicit fwks: [/Applications/Xcode.app/Contents/Developer/Platforms/MacOSX.platform/Developer/SDKs/MacOSX10.15.sdk/System/Library/Frameworks]


Determining if the Fortran compiler supports Fortran 90 passed with the following output:
Change Dir: /Users/vetlewi/Git_Repositories/development/oslo-method-software/mama/cmake-build-debug/CMakeFiles/CMakeTmp

Run Build Command(s):/usr/bin/make cmTC_9cea7/fast && /Applications/Xcode.app/Contents/Developer/usr/bin/make -f CMakeFiles/cmTC_9cea7.dir/build.make CMakeFiles/cmTC_9cea7.dir/build
Building Fortran object CMakeFiles/cmTC_9cea7.dir/testFortranCompilerF90.f90.o
/usr/local/bin/gfortran   -isysroot /Applications/Xcode.app/Contents/Developer/Platforms/MacOSX.platform/Developer/SDKs/MacOSX10.15.sdk   -c /Users/vetlewi/Git_Repositories/development/oslo-method-software/mama/cmake-build-debug/CMakeFiles/CMakeTmp/testFortranCompilerF90.f90 -o CMakeFiles/cmTC_9cea7.dir/testFortranCompilerF90.f90.o
Linking Fortran executable cmTC_9cea7
"/Users/vetlewi/Library/Application Support/JetBrains/Toolbox/apps/CLion/ch-0/192.7142.39/CLion.app/Contents/bin/cmake/mac/bin/cmake" -E cmake_link_script CMakeFiles/cmTC_9cea7.dir/link.txt --verbose=1
/usr/local/bin/gfortran      -isysroot /Applications/Xcode.app/Contents/Developer/Platforms/MacOSX.platform/Developer/SDKs/MacOSX10.15.sdk CMakeFiles/cmTC_9cea7.dir/testFortranCompilerF90.f90.o  -o cmTC_9cea7 



Determining if the function XOpenDisplay exists in the /opt/X11/lib/libX11.dylib;/opt/X11/lib/libXext.dylib passed with the following output:
Change Dir: /Users/vetlewi/Git_Repositories/development/oslo-method-software/mama/cmake-build-debug/CMakeFiles/CMakeTmp

Run Build Command(s):/usr/bin/make cmTC_c4d8b/fast && /Applications/Xcode.app/Contents/Developer/usr/bin/make -f CMakeFiles/cmTC_c4d8b.dir/build.make CMakeFiles/cmTC_c4d8b.dir/build
Building CXX object CMakeFiles/cmTC_c4d8b.dir/CheckFunctionExists.cxx.o
/Applications/Xcode.app/Contents/Developer/Toolchains/XcodeDefault.xctoolchain/usr/bin/c++    -DCHECK_FUNCTION_EXISTS=XOpenDisplay -isysroot /Applications/Xcode.app/Contents/Developer/Platforms/MacOSX.platform/Developer/SDKs/MacOSX10.15.sdk   -o CMakeFiles/cmTC_c4d8b.dir/CheckFunctionExists.cxx.o -c /Users/vetlewi/Git_Repositories/development/oslo-method-software/mama/cmake-build-debug/CMakeFiles/CheckLibraryExists/CheckFunctionExists.cxx
Linking CXX executable cmTC_c4d8b
"/Users/vetlewi/Library/Application Support/JetBrains/Toolbox/apps/CLion/ch-0/192.7142.39/CLion.app/Contents/bin/cmake/mac/bin/cmake" -E cmake_link_script CMakeFiles/cmTC_c4d8b.dir/link.txt --verbose=1
/Applications/Xcode.app/Contents/Developer/Toolchains/XcodeDefault.xctoolchain/usr/bin/c++   -DCHECK_FUNCTION_EXISTS=XOpenDisplay -isysroot /Applications/Xcode.app/Contents/Developer/Platforms/MacOSX.platform/Developer/SDKs/MacOSX10.15.sdk -Wl,-search_paths_first -Wl,-headerpad_max_install_names   CMakeFiles/cmTC_c4d8b.dir/CheckFunctionExists.cxx.o  -o cmTC_c4d8b  -L/opt/X11/lib -Wl,-rpath,/opt/X11/lib /opt/X11/lib/libX11.dylib /opt/X11/lib/libXext.dylib 



Determining if the function gethostbyname exists passed with the following output:
Change Dir: /Users/vetlewi/Git_Repositories/development/oslo-method-software/mama/cmake-build-debug/CMakeFiles/CMakeTmp

Run Build Command(s):/usr/bin/make cmTC_eab8e/fast && /Applications/Xcode.app/Contents/Developer/usr/bin/make -f CMakeFiles/cmTC_eab8e.dir/build.make CMakeFiles/cmTC_eab8e.dir/build
Building CXX object CMakeFiles/cmTC_eab8e.dir/CheckFunctionExists.cxx.o
/Applications/Xcode.app/Contents/Developer/Toolchains/XcodeDefault.xctoolchain/usr/bin/c++    -DCHECK_FUNCTION_EXISTS=gethostbyname -isysroot /Applications/Xcode.app/Contents/Developer/Platforms/MacOSX.platform/Developer/SDKs/MacOSX10.15.sdk   -o CMakeFiles/cmTC_eab8e.dir/CheckFunctionExists.cxx.o -c /Users/vetlewi/Git_Repositories/development/oslo-method-software/mama/cmake-build-debug/CMakeFiles/CheckFunctionExists/CheckFunctionExists.cxx
Linking CXX executable cmTC_eab8e
"/Users/vetlewi/Library/Application Support/JetBrains/Toolbox/apps/CLion/ch-0/192.7142.39/CLion.app/Contents/bin/cmake/mac/bin/cmake" -E cmake_link_script CMakeFiles/cmTC_eab8e.dir/link.txt --verbose=1
/Applications/Xcode.app/Contents/Developer/Toolchains/XcodeDefault.xctoolchain/usr/bin/c++   -DCHECK_FUNCTION_EXISTS=gethostbyname -isysroot /Applications/Xcode.app/Contents/Developer/Platforms/MacOSX.platform/Developer/SDKs/MacOSX10.15.sdk -Wl,-search_paths_first -Wl,-headerpad_max_install_names   CMakeFiles/cmTC_eab8e.dir/CheckFunctionExists.cxx.o  -o cmTC_eab8e 



Determining if the function connect exists passed with the following output:
Change Dir: /Users/vetlewi/Git_Repositories/development/oslo-method-software/mama/cmake-build-debug/CMakeFiles/CMakeTmp

Run Build Command(s):/usr/bin/make cmTC_ceae9/fast && /Applications/Xcode.app/Contents/Developer/usr/bin/make -f CMakeFiles/cmTC_ceae9.dir/build.make CMakeFiles/cmTC_ceae9.dir/build
Building CXX object CMakeFiles/cmTC_ceae9.dir/CheckFunctionExists.cxx.o
/Applications/Xcode.app/Contents/Developer/Toolchains/XcodeDefault.xctoolchain/usr/bin/c++    -DCHECK_FUNCTION_EXISTS=connect -isysroot /Applications/Xcode.app/Contents/Developer/Platforms/MacOSX.platform/Developer/SDKs/MacOSX10.15.sdk   -o CMakeFiles/cmTC_ceae9.dir/CheckFunctionExists.cxx.o -c /Users/vetlewi/Git_Repositories/development/oslo-method-software/mama/cmake-build-debug/CMakeFiles/CheckFunctionExists/CheckFunctionExists.cxx
Linking CXX executable cmTC_ceae9
"/Users/vetlewi/Library/Application Support/JetBrains/Toolbox/apps/CLion/ch-0/192.7142.39/CLion.app/Contents/bin/cmake/mac/bin/cmake" -E cmake_link_script CMakeFiles/cmTC_ceae9.dir/link.txt --verbose=1
/Applications/Xcode.app/Contents/Developer/Toolchains/XcodeDefault.xctoolchain/usr/bin/c++   -DCHECK_FUNCTION_EXISTS=connect -isysroot /Applications/Xcode.app/Contents/Developer/Platforms/MacOSX.platform/Developer/SDKs/MacOSX10.15.sdk -Wl,-search_paths_first -Wl,-headerpad_max_install_names   CMakeFiles/cmTC_ceae9.dir/CheckFunctionExists.cxx.o  -o cmTC_ceae9 



Determining if the function remove exists passed with the following output:
Change Dir: /Users/vetlewi/Git_Repositories/development/oslo-method-software/mama/cmake-build-debug/CMakeFiles/CMakeTmp

Run Build Command(s):/usr/bin/make cmTC_8d26c/fast && /Applications/Xcode.app/Contents/Developer/usr/bin/make -f CMakeFiles/cmTC_8d26c.dir/build.make CMakeFiles/cmTC_8d26c.dir/build
Building CXX object CMakeFiles/cmTC_8d26c.dir/CheckFunctionExists.cxx.o
/Applications/Xcode.app/Contents/Developer/Toolchains/XcodeDefault.xctoolchain/usr/bin/c++    -DCHECK_FUNCTION_EXISTS=remove -isysroot /Applications/Xcode.app/Contents/Developer/Platforms/MacOSX.platform/Developer/SDKs/MacOSX10.15.sdk   -o CMakeFiles/cmTC_8d26c.dir/CheckFunctionExists.cxx.o -c /Users/vetlewi/Git_Repositories/development/oslo-method-software/mama/cmake-build-debug/CMakeFiles/CheckFunctionExists/CheckFunctionExists.cxx
Linking CXX executable cmTC_8d26c
"/Users/vetlewi/Library/Application Support/JetBrains/Toolbox/apps/CLion/ch-0/192.7142.39/CLion.app/Contents/bin/cmake/mac/bin/cmake" -E cmake_link_script CMakeFiles/cmTC_8d26c.dir/link.txt --verbose=1
/Applications/Xcode.app/Contents/Developer/Toolchains/XcodeDefault.xctoolchain/usr/bin/c++   -DCHECK_FUNCTION_EXISTS=remove -isysroot /Applications/Xcode.app/Contents/Developer/Platforms/MacOSX.platform/Developer/SDKs/MacOSX10.15.sdk -Wl,-search_paths_first -Wl,-headerpad_max_install_names   CMakeFiles/cmTC_8d26c.dir/CheckFunctionExists.cxx.o  -o cmTC_8d26c 



Determining if the function shmat exists passed with the following output:
Change Dir: /Users/vetlewi/Git_Repositories/development/oslo-method-software/mama/cmake-build-debug/CMakeFiles/CMakeTmp

Run Build Command(s):/usr/bin/make cmTC_1c272/fast && /Applications/Xcode.app/Contents/Developer/usr/bin/make -f CMakeFiles/cmTC_1c272.dir/build.make CMakeFiles/cmTC_1c272.dir/build
Building CXX object CMakeFiles/cmTC_1c272.dir/CheckFunctionExists.cxx.o
/Applications/Xcode.app/Contents/Developer/Toolchains/XcodeDefault.xctoolchain/usr/bin/c++    -DCHECK_FUNCTION_EXISTS=shmat -isysroot /Applications/Xcode.app/Contents/Developer/Platforms/MacOSX.platform/Developer/SDKs/MacOSX10.15.sdk   -o CMakeFiles/cmTC_1c272.dir/CheckFunctionExists.cxx.o -c /Users/vetlewi/Git_Repositories/development/oslo-method-software/mama/cmake-build-debug/CMakeFiles/CheckFunctionExists/CheckFunctionExists.cxx
Linking CXX executable cmTC_1c272
"/Users/vetlewi/Library/Application Support/JetBrains/Toolbox/apps/CLion/ch-0/192.7142.39/CLion.app/Contents/bin/cmake/mac/bin/cmake" -E cmake_link_script CMakeFiles/cmTC_1c272.dir/link.txt --verbose=1
/Applications/Xcode.app/Contents/Developer/Toolchains/XcodeDefault.xctoolchain/usr/bin/c++   -DCHECK_FUNCTION_EXISTS=shmat -isysroot /Applications/Xcode.app/Contents/Developer/Platforms/MacOSX.platform/Developer/SDKs/MacOSX10.15.sdk -Wl,-search_paths_first -Wl,-headerpad_max_install_names   CMakeFiles/cmTC_1c272.dir/CheckFunctionExists.cxx.o  -o cmTC_1c272 



Determining if the function IceConnectionNumber exists in the ICE passed with the following output:
Change Dir: /Users/vetlewi/Git_Repositories/development/oslo-method-software/mama/cmake-build-debug/CMakeFiles/CMakeTmp

Run Build Command(s):/usr/bin/make cmTC_148b6/fast && /Applications/Xcode.app/Contents/Developer/usr/bin/make -f CMakeFiles/cmTC_148b6.dir/build.make CMakeFiles/cmTC_148b6.dir/build
Building CXX object CMakeFiles/cmTC_148b6.dir/CheckFunctionExists.cxx.o
/Applications/Xcode.app/Contents/Developer/Toolchains/XcodeDefault.xctoolchain/usr/bin/c++    -DCHECK_FUNCTION_EXISTS=IceConnectionNumber -isysroot /Applications/Xcode.app/Contents/Developer/Platforms/MacOSX.platform/Developer/SDKs/MacOSX10.15.sdk   -o CMakeFiles/cmTC_148b6.dir/CheckFunctionExists.cxx.o -c /Users/vetlewi/Git_Repositories/development/oslo-method-software/mama/cmake-build-debug/CMakeFiles/CheckLibraryExists/CheckFunctionExists.cxx
Linking CXX executable cmTC_148b6
"/Users/vetlewi/Library/Application Support/JetBrains/Toolbox/apps/CLion/ch-0/192.7142.39/CLion.app/Contents/bin/cmake/mac/bin/cmake" -E cmake_link_script CMakeFiles/cmTC_148b6.dir/link.txt --verbose=1
/Applications/Xcode.app/Contents/Developer/Toolchains/XcodeDefault.xctoolchain/usr/bin/c++   -DCHECK_FUNCTION_EXISTS=IceConnectionNumber -isysroot /Applications/Xcode.app/Contents/Developer/Platforms/MacOSX.platform/Developer/SDKs/MacOSX10.15.sdk -Wl,-search_paths_first -Wl,-headerpad_max_install_names   CMakeFiles/cmTC_148b6.dir/CheckFunctionExists.cxx.o  -o cmTC_148b6  -L/opt/X11/lib -Wl,-rpath,/opt/X11/lib -lICE 



Compiling the C compiler identification source file "CMakeCCompilerId.c" succeeded.
Compiler: /Applications/Xcode.app/Contents/Developer/Toolchains/XcodeDefault.xctoolchain/usr/bin/cc 
Build flags: 
Id flags:  

The output was:
0


Compilation of the C compiler identification source "CMakeCCompilerId.c" produced "a.out"

The C compiler identification is AppleClang, found in "/Users/vetlewi/Git_Repositories/development/oslo-method-software/mama/cmake-build-debug/CMakeFiles/3.15.3/CompilerIdC/a.out"

Determining if the C compiler works passed with the following output:
Change Dir: /Users/vetlewi/Git_Repositories/development/oslo-method-software/mama/cmake-build-debug/CMakeFiles/CMakeTmp

Run Build Command(s):/usr/bin/make cmTC_fbf3d/fast && /Applications/Xcode.app/Contents/Developer/usr/bin/make -f CMakeFiles/cmTC_fbf3d.dir/build.make CMakeFiles/cmTC_fbf3d.dir/build
Building C object CMakeFiles/cmTC_fbf3d.dir/testCCompiler.c.o
/Applications/Xcode.app/Contents/Developer/Toolchains/XcodeDefault.xctoolchain/usr/bin/cc   -isysroot /Applications/Xcode.app/Contents/Developer/Platforms/MacOSX.platform/Developer/SDKs/MacOSX10.15.sdk   -o CMakeFiles/cmTC_fbf3d.dir/testCCompiler.c.o   -c /Users/vetlewi/Git_Repositories/development/oslo-method-software/mama/cmake-build-debug/CMakeFiles/CMakeTmp/testCCompiler.c
Linking C executable cmTC_fbf3d
"/Users/vetlewi/Library/Application Support/JetBrains/Toolbox/apps/CLion/ch-0/192.7142.39/CLion.app/Contents/bin/cmake/mac/bin/cmake" -E cmake_link_script CMakeFiles/cmTC_fbf3d.dir/link.txt --verbose=1
/Applications/Xcode.app/Contents/Developer/Toolchains/XcodeDefault.xctoolchain/usr/bin/cc   -isysroot /Applications/Xcode.app/Contents/Developer/Platforms/MacOSX.platform/Developer/SDKs/MacOSX10.15.sdk -Wl,-search_paths_first -Wl,-headerpad_max_install_names   CMakeFiles/cmTC_fbf3d.dir/testCCompiler.c.o  -o cmTC_fbf3d 



Detecting C compiler ABI info compiled with the following output:
Change Dir: /Users/vetlewi/Git_Repositories/development/oslo-method-software/mama/cmake-build-debug/CMakeFiles/CMakeTmp

Run Build Command(s):/usr/bin/make cmTC_5989e/fast && /Applications/Xcode.app/Contents/Developer/usr/bin/make -f CMakeFiles/cmTC_5989e.dir/build.make CMakeFiles/cmTC_5989e.dir/build
Building C object CMakeFiles/cmTC_5989e.dir/CMakeCCompilerABI.c.o
/Applications/Xcode.app/Contents/Developer/Toolchains/XcodeDefault.xctoolchain/usr/bin/cc   -isysroot /Applications/Xcode.app/Contents/Developer/Platforms/MacOSX.platform/Developer/SDKs/MacOSX10.15.sdk   -v -Wl,-v -o CMakeFiles/cmTC_5989e.dir/CMakeCCompilerABI.c.o   -c "/Users/vetlewi/Library/Application Support/JetBrains/Toolbox/apps/CLion/ch-0/192.7142.39/CLion.app/Contents/bin/cmake/mac/share/cmake-3.15/Modules/CMakeCCompilerABI.c"
Apple clang version 11.0.0 (clang-1100.0.33.12)
Target: x86_64-apple-darwin19.0.0
Thread model: posix
InstalledDir: /Applications/Xcode.app/Contents/Developer/Toolchains/XcodeDefault.xctoolchain/usr/bin
clang: warning: -Wl,-v: 'linker' input unused [-Wunused-command-line-argument]
 "/Applications/Xcode.app/Contents/Developer/Toolchains/XcodeDefault.xctoolchain/usr/bin/clang" -cc1 -triple x86_64-apple-macosx10.15.0 -Wdeprecated-objc-isa-usage -Werror=deprecated-objc-isa-usage -emit-obj -mrelax-all -disable-free -disable-llvm-verifier -discard-value-names -main-file-name CMakeCCompilerABI.c -mrelocation-model pic -pic-level 2 -mthread-model posix -mdisable-fp-elim -fno-strict-return -masm-verbose -munwind-tables -target-sdk-version=10.15 -target-cpu penryn -dwarf-column-info -debugger-tuning=lldb -ggnu-pubnames -target-linker-version 520 -v -coverage-notes-file /Users/vetlewi/Git_Repositories/development/oslo-method-software/mama/cmake-build-debug/CMakeFiles/CMakeTmp/CMakeFiles/cmTC_5989e.dir/CMakeCCompilerABI.c.gcno -resource-dir /Applications/Xcode.app/Contents/Developer/Toolchains/XcodeDefault.xctoolchain/usr/lib/clang/11.0.0 -isysroot /Applications/Xcode.app/Contents/Developer/Platforms/MacOSX.platform/Developer/SDKs/MacOSX10.15.sdk -Wno-framework-include-private-from-public -Wno-atimport-in-framework-header -Wno-extra-semi-stmt -Wno-quoted-include-in-framework-header -fdebug-compilation-dir /Users/vetlewi/Git_Repositories/development/oslo-method-software/mama/cmake-build-debug/CMakeFiles/CMakeTmp -ferror-limit 19 -fmessage-length 0 -stack-protector 1 -fstack-check -mdarwin-stkchk-strong-link -fblocks -fencode-extended-block-signature -fregister-global-dtors-with-atexit -fobjc-runtime=macosx-10.15.0 -fmax-type-align=16 -fdiagnostics-show-option -o CMakeFiles/cmTC_5989e.dir/CMakeCCompilerABI.c.o -x c /Users/vetlewi/Library/Application Support/JetBrains/Toolbox/apps/CLion/ch-0/192.7142.39/CLion.app/Contents/bin/cmake/mac/share/cmake-3.15/Modules/CMakeCCompilerABI.c
clang -cc1 version 11.0.0 (clang-1100.0.33.12) default target x86_64-apple-darwin19.0.0
ignoring nonexistent directory "/Applications/Xcode.app/Contents/Developer/Platforms/MacOSX.platform/Developer/SDKs/MacOSX10.15.sdk/usr/local/include"
ignoring nonexistent directory "/Applications/Xcode.app/Contents/Developer/Platforms/MacOSX.platform/Developer/SDKs/MacOSX10.15.sdk/Library/Frameworks"
#include "..." search starts here:
#include <...> search starts here:
 /Applications/Xcode.app/Contents/Developer/Toolchains/XcodeDefault.xctoolchain/usr/lib/clang/11.0.0/include
 /Applications/Xcode.app/Contents/Developer/Toolchains/XcodeDefault.xctoolchain/usr/include
 /Applications/Xcode.app/Contents/Developer/Platforms/MacOSX.platform/Developer/SDKs/MacOSX10.15.sdk/usr/include
 /Applications/Xcode.app/Contents/Developer/Platforms/MacOSX.platform/Developer/SDKs/MacOSX10.15.sdk/System/Library/Frameworks (framework directory)
End of search list.
Linking C executable cmTC_5989e
"/Users/vetlewi/Library/Application Support/JetBrains/Toolbox/apps/CLion/ch-0/192.7142.39/CLion.app/Contents/bin/cmake/mac/bin/cmake" -E cmake_link_script CMakeFiles/cmTC_5989e.dir/link.txt --verbose=1
/Applications/Xcode.app/Contents/Developer/Toolchains/XcodeDefault.xctoolchain/usr/bin/cc   -isysroot /Applications/Xcode.app/Contents/Developer/Platforms/MacOSX.platform/Developer/SDKs/MacOSX10.15.sdk -Wl,-search_paths_first -Wl,-headerpad_max_install_names  -v -Wl,-v CMakeFiles/cmTC_5989e.dir/CMakeCCompilerABI.c.o  -o cmTC_5989e 
Apple clang version 11.0.0 (clang-1100.0.33.12)
Target: x86_64-apple-darwin19.0.0
Thread model: posix
InstalledDir: /Applications/Xcode.app/Contents/Developer/Toolchains/XcodeDefault.xctoolchain/usr/bin
 "/Applications/Xcode.app/Contents/Developer/Toolchains/XcodeDefault.xctoolchain/usr/bin/ld" -demangle -lto_library /Applications/Xcode.app/Contents/Developer/Toolchains/XcodeDefault.xctoolchain/usr/lib/libLTO.dylib -dynamic -arch x86_64 -macosx_version_min 10.15.0 -syslibroot /Applications/Xcode.app/Contents/Developer/Platforms/MacOSX.platform/Developer/SDKs/MacOSX10.15.sdk -o cmTC_5989e -search_paths_first -headerpad_max_install_names -v CMakeFiles/cmTC_5989e.dir/CMakeCCompilerABI.c.o -lSystem /Applications/Xcode.app/Contents/Developer/Toolchains/XcodeDefault.xctoolchain/usr/lib/clang/11.0.0/lib/darwin/libclang_rt.osx.a
@(#)PROGRAM:ld  PROJECT:ld64-520
BUILD 18:38:01 Oct 11 2019
configured to support archs: armv6 armv7 armv7s arm64 arm64e arm64_32 i386 x86_64 x86_64h armv6m armv7k armv7m armv7em
Library search paths:
	/Applications/Xcode.app/Contents/Developer/Platforms/MacOSX.platform/Developer/SDKs/MacOSX10.15.sdk/usr/lib
Framework search paths:
	/Applications/Xcode.app/Contents/Developer/Platforms/MacOSX.platform/Developer/SDKs/MacOSX10.15.sdk/System/Library/Frameworks/



Parsed C implicit include dir info from above output: rv=done
  found start of include info
  found start of implicit include info
    add: [/Applications/Xcode.app/Contents/Developer/Toolchains/XcodeDefault.xctoolchain/usr/lib/clang/11.0.0/include]
    add: [/Applications/Xcode.app/Contents/Developer/Toolchains/XcodeDefault.xctoolchain/usr/include]
    add: [/Applications/Xcode.app/Contents/Developer/Platforms/MacOSX.platform/Developer/SDKs/MacOSX10.15.sdk/usr/include]
  end of search list found
  collapse include dir [/Applications/Xcode.app/Contents/Developer/Toolchains/XcodeDefault.xctoolchain/usr/lib/clang/11.0.0/include] ==> [/Applications/Xcode.app/Contents/Developer/Toolchains/XcodeDefault.xctoolchain/usr/lib/clang/11.0.0/include]
  collapse include dir [/Applications/Xcode.app/Contents/Developer/Toolchains/XcodeDefault.xctoolchain/usr/include] ==> [/Applications/Xcode.app/Contents/Developer/Toolchains/XcodeDefault.xctoolchain/usr/include]
  collapse include dir [/Applications/Xcode.app/Contents/Developer/Platforms/MacOSX.platform/Developer/SDKs/MacOSX10.15.sdk/usr/include] ==> [/Applications/Xcode.app/Contents/Developer/Platforms/MacOSX.platform/Developer/SDKs/MacOSX10.15.sdk/usr/include]
  implicit include dirs: [/Applications/Xcode.app/Contents/Developer/Toolchains/XcodeDefault.xctoolchain/usr/lib/clang/11.0.0/include;/Applications/Xcode.app/Contents/Developer/Toolchains/XcodeDefault.xctoolchain/usr/include;/Applications/Xcode.app/Contents/Developer/Platforms/MacOSX.platform/Developer/SDKs/MacOSX10.15.sdk/usr/include]


Parsed C implicit link information from above output:
  link line regex: [^( *|.*[/\])(ld|CMAKE_LINK_STARTFILE-NOTFOUND|([^/\]+-)?ld|collect2)[^/\]*( |$)]
  ignore line: [Change Dir: /Users/vetlewi/Git_Repositories/development/oslo-method-software/mama/cmake-build-debug/CMakeFiles/CMakeTmp]
  ignore line: []
  ignore line: [Run Build Command(s):/usr/bin/make cmTC_5989e/fast && /Applications/Xcode.app/Contents/Developer/usr/bin/make -f CMakeFiles/cmTC_5989e.dir/build.make CMakeFiles/cmTC_5989e.dir/build]
  ignore line: [Building C object CMakeFiles/cmTC_5989e.dir/CMakeCCompilerABI.c.o]
  ignore line: [/Applications/Xcode.app/Contents/Developer/Toolchains/XcodeDefault.xctoolchain/usr/bin/cc   -isysroot /Applications/Xcode.app/Contents/Developer/Platforms/MacOSX.platform/Developer/SDKs/MacOSX10.15.sdk   -v -Wl,-v -o CMakeFiles/cmTC_5989e.dir/CMakeCCompilerABI.c.o   -c "/Users/vetlewi/Library/Application Support/JetBrains/Toolbox/apps/CLion/ch-0/192.7142.39/CLion.app/Contents/bin/cmake/mac/share/cmake-3.15/Modules/CMakeCCompilerABI.c"]
  ignore line: [Apple clang version 11.0.0 (clang-1100.0.33.12)]
  ignore line: [Target: x86_64-apple-darwin19.0.0]
  ignore line: [Thread model: posix]
  ignore line: [InstalledDir: /Applications/Xcode.app/Contents/Developer/Toolchains/XcodeDefault.xctoolchain/usr/bin]
  ignore line: [clang: warning: -Wl,-v: 'linker' input unused [-Wunused-command-line-argument]]
  ignore line: [ "/Applications/Xcode.app/Contents/Developer/Toolchains/XcodeDefault.xctoolchain/usr/bin/clang" -cc1 -triple x86_64-apple-macosx10.15.0 -Wdeprecated-objc-isa-usage -Werror=deprecated-objc-isa-usage -emit-obj -mrelax-all -disable-free -disable-llvm-verifier -discard-value-names -main-file-name CMakeCCompilerABI.c -mrelocation-model pic -pic-level 2 -mthread-model posix -mdisable-fp-elim -fno-strict-return -masm-verbose -munwind-tables -target-sdk-version=10.15 -target-cpu penryn -dwarf-column-info -debugger-tuning=lldb -ggnu-pubnames -target-linker-version 520 -v -coverage-notes-file /Users/vetlewi/Git_Repositories/development/oslo-method-software/mama/cmake-build-debug/CMakeFiles/CMakeTmp/CMakeFiles/cmTC_5989e.dir/CMakeCCompilerABI.c.gcno -resource-dir /Applications/Xcode.app/Contents/Developer/Toolchains/XcodeDefault.xctoolchain/usr/lib/clang/11.0.0 -isysroot /Applications/Xcode.app/Contents/Developer/Platforms/MacOSX.platform/Developer/SDKs/MacOSX10.15.sdk -Wno-framework-include-private-from-public -Wno-atimport-in-framework-header -Wno-extra-semi-stmt -Wno-quoted-include-in-framework-header -fdebug-compilation-dir /Users/vetlewi/Git_Repositories/development/oslo-method-software/mama/cmake-build-debug/CMakeFiles/CMakeTmp -ferror-limit 19 -fmessage-length 0 -stack-protector 1 -fstack-check -mdarwin-stkchk-strong-link -fblocks -fencode-extended-block-signature -fregister-global-dtors-with-atexit -fobjc-runtime=macosx-10.15.0 -fmax-type-align=16 -fdiagnostics-show-option -o CMakeFiles/cmTC_5989e.dir/CMakeCCompilerABI.c.o -x c /Users/vetlewi/Library/Application Support/JetBrains/Toolbox/apps/CLion/ch-0/192.7142.39/CLion.app/Contents/bin/cmake/mac/share/cmake-3.15/Modules/CMakeCCompilerABI.c]
  ignore line: [clang -cc1 version 11.0.0 (clang-1100.0.33.12) default target x86_64-apple-darwin19.0.0]
  ignore line: [ignoring nonexistent directory "/Applications/Xcode.app/Contents/Developer/Platforms/MacOSX.platform/Developer/SDKs/MacOSX10.15.sdk/usr/local/include"]
  ignore line: [ignoring nonexistent directory "/Applications/Xcode.app/Contents/Developer/Platforms/MacOSX.platform/Developer/SDKs/MacOSX10.15.sdk/Library/Frameworks"]
  ignore line: [#include "..." search starts here:]
  ignore line: [#include <...> search starts here:]
  ignore line: [ /Applications/Xcode.app/Contents/Developer/Toolchains/XcodeDefault.xctoolchain/usr/lib/clang/11.0.0/include]
  ignore line: [ /Applications/Xcode.app/Contents/Developer/Toolchains/XcodeDefault.xctoolchain/usr/include]
  ignore line: [ /Applications/Xcode.app/Contents/Developer/Platforms/MacOSX.platform/Developer/SDKs/MacOSX10.15.sdk/usr/include]
  ignore line: [ /Applications/Xcode.app/Contents/Developer/Platforms/MacOSX.platform/Developer/SDKs/MacOSX10.15.sdk/System/Library/Frameworks (framework directory)]
  ignore line: [End of search list.]
  ignore line: [Linking C executable cmTC_5989e]
  ignore line: ["/Users/vetlewi/Library/Application Support/JetBrains/Toolbox/apps/CLion/ch-0/192.7142.39/CLion.app/Contents/bin/cmake/mac/bin/cmake" -E cmake_link_script CMakeFiles/cmTC_5989e.dir/link.txt --verbose=1]
  ignore line: [/Applications/Xcode.app/Contents/Developer/Toolchains/XcodeDefault.xctoolchain/usr/bin/cc   -isysroot /Applications/Xcode.app/Contents/Developer/Platforms/MacOSX.platform/Developer/SDKs/MacOSX10.15.sdk -Wl,-search_paths_first -Wl,-headerpad_max_install_names  -v -Wl,-v CMakeFiles/cmTC_5989e.dir/CMakeCCompilerABI.c.o  -o cmTC_5989e ]
  ignore line: [Apple clang version 11.0.0 (clang-1100.0.33.12)]
  ignore line: [Target: x86_64-apple-darwin19.0.0]
  ignore line: [Thread model: posix]
  ignore line: [InstalledDir: /Applications/Xcode.app/Contents/Developer/Toolchains/XcodeDefault.xctoolchain/usr/bin]
  link line: [ "/Applications/Xcode.app/Contents/Developer/Toolchains/XcodeDefault.xctoolchain/usr/bin/ld" -demangle -lto_library /Applications/Xcode.app/Contents/Developer/Toolchains/XcodeDefault.xctoolchain/usr/lib/libLTO.dylib -dynamic -arch x86_64 -macosx_version_min 10.15.0 -syslibroot /Applications/Xcode.app/Contents/Developer/Platforms/MacOSX.platform/Developer/SDKs/MacOSX10.15.sdk -o cmTC_5989e -search_paths_first -headerpad_max_install_names -v CMakeFiles/cmTC_5989e.dir/CMakeCCompilerABI.c.o -lSystem /Applications/Xcode.app/Contents/Developer/Toolchains/XcodeDefault.xctoolchain/usr/lib/clang/11.0.0/lib/darwin/libclang_rt.osx.a]
    arg [/Applications/Xcode.app/Contents/Developer/Toolchains/XcodeDefault.xctoolchain/usr/bin/ld] ==> ignore
    arg [-demangle] ==> ignore
    arg [-lto_library] ==> ignore, skip following value
    arg [/Applications/Xcode.app/Contents/Developer/Toolchains/XcodeDefault.xctoolchain/usr/lib/libLTO.dylib] ==> skip value of -lto_library
    arg [-dynamic] ==> ignore
    arg [-arch] ==> ignore
    arg [x86_64] ==> ignore
    arg [-macosx_version_min] ==> ignore
    arg [10.15.0] ==> ignore
    arg [-syslibroot] ==> ignore
    arg [/Applications/Xcode.app/Contents/Developer/Platforms/MacOSX.platform/Developer/SDKs/MacOSX10.15.sdk] ==> ignore
    arg [-o] ==> ignore
    arg [cmTC_5989e] ==> ignore
    arg [-search_paths_first] ==> ignore
    arg [-headerpad_max_install_names] ==> ignore
    arg [-v] ==> ignore
    arg [CMakeFiles/cmTC_5989e.dir/CMakeCCompilerABI.c.o] ==> ignore
    arg [-lSystem] ==> lib [System]
    arg [/Applications/Xcode.app/Contents/Developer/Toolchains/XcodeDefault.xctoolchain/usr/lib/clang/11.0.0/lib/darwin/libclang_rt.osx.a] ==> lib [/Applications/Xcode.app/Contents/Developer/Toolchains/XcodeDefault.xctoolchain/usr/lib/clang/11.0.0/lib/darwin/libclang_rt.osx.a]
  Library search paths: [;/Applications/Xcode.app/Contents/Developer/Platforms/MacOSX.platform/Developer/SDKs/MacOSX10.15.sdk/usr/lib]
  Framework search paths: [;/Applications/Xcode.app/Contents/Developer/Platforms/MacOSX.platform/Developer/SDKs/MacOSX10.15.sdk/System/Library/Frameworks/]
  remove lib [System]
  remove lib [/Applications/Xcode.app/Contents/Developer/Toolchains/XcodeDefault.xctoolchain/usr/lib/clang/11.0.0/lib/darwin/libclang_rt.osx.a]
  collapse library dir [/Applications/Xcode.app/Contents/Developer/Platforms/MacOSX.platform/Developer/SDKs/MacOSX10.15.sdk/usr/lib] ==> [/Applications/Xcode.app/Contents/Developer/Platforms/MacOSX.platform/Developer/SDKs/MacOSX10.15.sdk/usr/lib]
  collapse framework dir [/Applications/Xcode.app/Contents/Developer/Platforms/MacOSX.platform/Developer/SDKs/MacOSX10.15.sdk/System/Library/Frameworks/] ==> [/Applications/Xcode.app/Contents/Developer/Platforms/MacOSX.platform/Developer/SDKs/MacOSX10.15.sdk/System/Library/Frameworks]
  implicit libs: []
  implicit dirs: [/Applications/Xcode.app/Contents/Developer/Platforms/MacOSX.platform/Developer/SDKs/MacOSX10.15.sdk/usr/lib]
  implicit fwks: [/Applications/Xcode.app/Contents/Developer/Platforms/MacOSX.platform/Developer/SDKs/MacOSX10.15.sdk/System/Library/Frameworks]


